<?xml version="1.0" encoding="UTF-8"?>
<!-- Generated by org.testng.reporters.JUnitReportReporter -->
<testsuite hostname="EXPLPT453" failures="0" tests="2" name="bestwayviasNegative.TestcaseForDescription" time="61.710" errors="0" timestamp="2023-08-11T18:23:14 IST" skipped="0">
  <testcase classname="bestwayviasNegative.TestcaseForDescription" name="testExceedingMaxLengthDescription" time="50.632"/>
  <system-out/>
  <testcase classname="bestwayviasNegative.TestcaseForDescription" name="testBlanck" time="11.078"/>
  <system-out/>
</testsuite> <!-- bestwayviasNegative.TestcaseForDescription -->
