<?xml version="1.0" encoding="UTF-8"?>
<!-- Generated by org.testng.reporters.JUnitReportReporter -->
<testsuite hostname="EXPLPT453" failures="0" tests="2" name="processhipmentnegative.ProcesShipmentSWOS" time="69.767" errors="0" timestamp="2023-09-21T10:26:07 IST" skipped="0">
  <testcase classname="processhipmentnegative.ProcesShipmentSWOS" name="TestSWOS" time="51.429"/>
  <testcase classname="processhipmentnegative.ProcesShipmentSWOS" name="addshipid" time="18.338"/>
</testsuite> <!-- processhipmentnegative.ProcesShipmentSWOS -->
