<?xml version="1.0" encoding="UTF-8"?>
<!-- Generated by org.testng.reporters.JUnitReportReporter -->
<testsuite hostname="EXPLPT453" failures="0" tests="2" name="test.Alcohol" time="115.218" errors="0" timestamp="20 Jul 2023 11:23:03 GMT" skipped="0">
  <testcase classname="test.Alcohol" name="setup" time="17.988"/>
  <testcase classname="test.Alcohol" name="shipvia" time="97.230"/>
</testsuite> <!-- test.Alcohol -->
