<?xml version="1.0" encoding="UTF-8"?>
<!-- Generated by org.testng.reporters.JUnitReportReporter -->
<testsuite hostname="EXPLPT453" failures="0" tests="1" name="com.cms.SupportTableTest.STDepartmentsTestdelete" time="73.712" errors="0" timestamp="29 Jun 2023 18:17:03 GMT" skipped="0">
  <testcase classname="com.cms.SupportTableTest.STDepartmentsTestdelete" name="stDepartmentsdelete" time="73.712"/>
</testsuite> <!-- com.cms.SupportTableTest.STDepartmentsTestdelete -->
