<?xml version="1.0" encoding="UTF-8"?>
<!-- Generated by org.testng.reporters.JUnitReportReporter -->
<testsuite hostname="EXPLPT453" failures="0" tests="5" name="customersnegative.CustomersCode" time="49.780" errors="0" timestamp="2023-09-18T13:29:32 IST" skipped="0">
  <testcase classname="customersnegative.CustomersCode" name="CustomerSearchTest" time="17.821"/>
  <testcase classname="customersnegative.CustomersCode" name="addCustomerTest" time="13.652"/>
  <testcase classname="customersnegative.CustomersCode" name="TestCompanyTextBox" time="6.112"/>
  <testcase classname="customersnegative.CustomersCode" name="Testblankcode" time="5.891"/>
  <testcase classname="customersnegative.CustomersCode" name="TestblankCompany" time="6.304"/>
</testsuite> <!-- customersnegative.CustomersCode -->
