<?xml version="1.0" encoding="UTF-8"?>
<!-- Generated by org.testng.reporters.JUnitReportReporter -->
<testsuite hostname="EXPLPT453" failures="0" tests="2" name="products.CreateNewProducts" time="51.124" errors="0" timestamp="2023-09-18T14:52:47 IST" skipped="0">
  <testcase classname="products.CreateNewProducts" name="newproduct" time="32.681"/>
  <testcase classname="products.CreateNewProducts" name="Searchproduct" time="18.443"/>
</testsuite> <!-- products.CreateNewProducts -->
