<?xml version="1.0" encoding="UTF-8"?>
<!-- Generated by org.testng.reporters.JUnitReportReporter -->
<testsuite hostname="EXPLPT453" failures="0" tests="2" name="shipviasnegative.ShipViasCode" time="61.637" errors="0" timestamp="2023-08-16T17:32:21 IST" skipped="0">
  <testcase classname="shipviasnegative.ShipViasCode" name="CheckcodeBlank" time="15.756"/>
  <system-out/>
  <testcase classname="shipviasnegative.ShipViasCode" name="ShipviacodeTest" time="45.881"/>
  <system-out/>
</testsuite> <!-- shipviasnegative.ShipViasCode -->
