<?xml version="1.0" encoding="UTF-8"?>
<!-- Generated by org.testng.reporters.JUnitReportReporter -->
<testsuite hostname="EXPLPT453" failures="0" tests="1" name="viewshipmenttaskNegative.Vsbuttoncheck" time="22.381" errors="0" timestamp="2023-09-20T09:38:40 IST" skipped="0">
  <testcase classname="viewshipmenttaskNegative.Vsbuttoncheck" name="ButtonsTest" time="22.381"/>
</testsuite> <!-- viewshipmenttaskNegative.Vsbuttoncheck -->
