<?xml version="1.0" encoding="UTF-8"?>
<!-- Generated by org.testng.reporters.JUnitReportReporter -->
<testsuite hostname="EXPLPT453" failures="0" tests="2" name="processhipmentnegative.InternationalShipmentTestnegative" time="152.956" errors="0" timestamp="2023-08-30T10:07:16 IST" skipped="0">
  <testcase classname="processhipmentnegative.InternationalShipmentTestnegative" name="Fexdexshipment" time="116.943"/>
  <system-out/>
  <testcase classname="processhipmentnegative.InternationalShipmentTestnegative" name="XTNNumber" time="36.013"/>
  <system-out/>
</testsuite> <!-- processhipmentnegative.InternationalShipmentTestnegative -->
