<?xml version="1.0" encoding="UTF-8"?>
<!-- Generated by org.testng.reporters.JUnitReportReporter -->
<testsuite hostname="EXPLPT453" failures="0" tests="1" name="com.cms.SupportTableTest.STCustomer" time="64.051" errors="0" timestamp="30 Jun 2023 03:37:31 GMT" skipped="0">
  <testcase classname="com.cms.SupportTableTest.STCustomer" name="STCreateCustomer" time="64.051"/>
</testsuite> <!-- com.cms.SupportTableTest.STCustomer -->
