<?xml version="1.0" encoding="UTF-8"?>
<!-- Generated by org.testng.reporters.JUnitReportReporter -->
<testsuite hostname="EXPLPT453" failures="0" tests="4" name="processhipmentnegative.SwosPacking" time="82.910" errors="0" timestamp="2023-09-22T14:35:15 IST" skipped="0">
  <testcase classname="processhipmentnegative.SwosPacking" name="TestaddGroups" time="9.187"/>
  <testcase classname="processhipmentnegative.SwosPacking" name="TestShipVias" time="7.266"/>
  <testcase classname="processhipmentnegative.SwosPacking" name="addcustomer" time="33.190"/>
  <testcase classname="processhipmentnegative.SwosPacking" name="addcustomer" time="33.267"/>
</testsuite> <!-- processhipmentnegative.SwosPacking -->
