<?xml version="1.0" encoding="UTF-8"?>
<!-- Generated by org.testng.reporters.JUnitReportReporter -->
<testsuite hostname="EXPLPT453" failures="0" tests="4" name="localTest.LoginTest" time="48.144" errors="0" timestamp="2023-08-28T12:46:59 IST" skipped="0">
  <testcase classname="localTest.LoginTest" name="Login" time="11.634"/>
  <system-out/>
  <testcase classname="localTest.LoginTest" name="Login" time="11.938"/>
  <system-out/>
  <testcase classname="localTest.LoginTest" name="Login" time="12.121"/>
  <system-out/>
  <testcase classname="localTest.LoginTest" name="Login" time="12.451"/>
  <system-out/>
</testsuite> <!-- localTest.LoginTest -->
