<?xml version="1.0" encoding="UTF-8"?>
<!-- Generated by org.testng.reporters.JUnitReportReporter -->
<testsuite hostname="EXPLPT453" failures="0" tests="1" name="carriers.Nextandprevious" time="64.356" errors="0" timestamp="17 Jul 2023 13:22:06 GMT" skipped="0">
  <testcase classname="carriers.Nextandprevious" name="check" time="64.356"/>
</testsuite> <!-- carriers.Nextandprevious -->
