<?xml version="1.0" encoding="UTF-8"?>
<!-- Generated by org.testng.reporters.JUnitReportReporter -->
<testsuite hostname="EXPLPT453" failures="0" tests="1" name="productsNegative.ProductDangerousGoods" time="36.493" errors="0" timestamp="2023-09-18T15:14:55 IST" skipped="0">
  <testcase classname="productsNegative.ProductDangerousGoods" name="TestHazardClass" time="36.493"/>
</testsuite> <!-- productsNegative.ProductDangerousGoods -->
