<?xml version="1.0" encoding="UTF-8"?>
<!-- Generated by org.testng.reporters.JUnitReportReporter -->
<testsuite hostname="EXPLPT453" failures="0" tests="2" name="test.Oversize" time="109.687" errors="0" timestamp="20 Jul 2023 13:29:50 GMT" skipped="0">
  <testcase classname="test.Oversize" name="shipvia" time="88.036"/>
  <testcase classname="test.Oversize" name="setup" time="21.651"/>
</testsuite> <!-- test.Oversize -->
