<?xml version="1.0" encoding="UTF-8"?>
<!-- Generated by org.testng.reporters.JUnitReportReporter -->
<testsuite hostname="EXPLPT453" failures="0" tests="1" name="bestwayviasNegative.code" time="59.335" errors="0" timestamp="2023-08-11T10:18:41 IST" skipped="0">
  <testcase classname="bestwayviasNegative.code" name="testExceedingMaxLengthForCode" time="59.335"/>
  <system-out/>
</testsuite> <!-- bestwayviasNegative.code -->
