<?xml version="1.0" encoding="UTF-8"?>
<!-- Generated by org.testng.reporters.JUnitReportReporter -->
<testsuite hostname="EXPLPT453" failures="0" tests="2" name="test.ECOD" time="98.455" errors="0" timestamp="21 Jul 2023 03:31:49 GMT" skipped="0">
  <testcase classname="test.ECOD" name="shipvia" time="80.011"/>
  <testcase classname="test.ECOD" name="setup" time="18.444"/>
</testsuite> <!-- test.ECOD -->
