<?xml version="1.0" encoding="UTF-8"?>
<!-- Generated by org.testng.reporters.JUnitReportReporter -->
<testsuite hostname="EXPLPT453" failures="0" tests="1" name="com.cms.SupportTableTest.STEditCustomer" time="66.128" errors="0" timestamp="30 Jun 2023 03:47:07 GMT" skipped="0">
  <testcase classname="com.cms.SupportTableTest.STEditCustomer" name="EditCustomerTest" time="66.128"/>
</testsuite> <!-- com.cms.SupportTableTest.STEditCustomer -->
