<?xml version="1.0" encoding="UTF-8"?>
<!-- Generated by org.testng.reporters.JUnitReportReporter -->
<testsuite hostname="EXPLPT453" failures="0" tests="1" name="archivedmanifesttest.WorldEaseTest" time="26.628" errors="0" timestamp="2023-09-14T12:55:03 IST" skipped="0">
  <testcase classname="archivedmanifesttest.WorldEaseTest" name="testcase" time="26.628"/>
</testsuite> <!-- archivedmanifesttest.WorldEaseTest -->
