<?xml version="1.0" encoding="UTF-8"?>
<!-- Generated by org.testng.reporters.JUnitReportReporter -->
<testsuite hostname="EXPLPT453" failures="0" tests="1" name="departmentsnegative.DepartmentsTestCode" time="19.551" errors="0" timestamp="2023-09-18T14:46:44 IST" skipped="0">
  <testcase classname="departmentsnegative.DepartmentsTestCode" name="SearchTest" time="19.551"/>
</testsuite> <!-- departmentsnegative.DepartmentsTestCode -->
