<?xml version="1.0" encoding="UTF-8"?>
<!-- Generated by org.testng.reporters.JUnitReportReporter -->
<testsuite hostname="EXPLPT453" failures="0" tests="4" name="processhipmentnegative.PsWithSWOSTest" time="109.791" errors="0" timestamp="2023-09-20T21:58:45 IST" skipped="0">
  <testcase classname="processhipmentnegative.PsWithSWOSTest" name="testSwos" time="15.508"/>
  <testcase classname="processhipmentnegative.PsWithSWOSTest" name="addcustomer" time="28.017"/>
  <testcase classname="processhipmentnegative.PsWithSWOSTest" name="addcustomer" time="27.829"/>
  <testcase classname="processhipmentnegative.PsWithSWOSTest" name="testGroupsswos" time="38.437"/>
</testsuite> <!-- processhipmentnegative.PsWithSWOSTest -->
