<?xml version="1.0" encoding="UTF-8"?>
<!-- Generated by org.testng.reporters.JUnitReportReporter -->
<testsuite hostname="EXPLPT453" failures="0" tests="1" name="stCustomer.SearchCustomer" time="45.866" errors="0" timestamp="05 Jul 2023 04:57:03 GMT" skipped="0">
  <testcase classname="stCustomer.SearchCustomer" name="Search" time="45.866"/>
</testsuite> <!-- stCustomer.SearchCustomer -->
