<?xml version="1.0" encoding="UTF-8"?>
<!-- Generated by org.testng.reporters.JUnitReportReporter -->
<testsuite hostname="EXPLPT453" failures="0" tests="1" name="shipviasnegative.ShipViasnew" time="91.537" errors="0" timestamp="2023-09-19T18:36:16 IST" skipped="0">
  <testcase classname="shipviasnegative.ShipViasnew" name="TeatShipvia" time="91.537"/>
</testsuite> <!-- shipviasnegative.ShipViasnew -->
