<?xml version="1.0" encoding="UTF-8"?>
<!-- Generated by org.testng.reporters.JUnitReportReporter -->
<testsuite hostname="EXPLPT453" failures="0" tests="3" name="carriersNegative.TestCaseForCode" time="62.910" errors="0" timestamp="2023-09-19T15:39:49 IST" skipped="1">
  <testcase classname="carriersNegative.TestCaseForCode" name="testcase" time="53.935"/>
  <testcase classname="carriersNegative.TestCaseForCode" name="testBlanck" time="8.975"/>
  <testcase classname="carriersNegative.TestCaseForCode" name="TestChekExistingcode">
    <skipped/>
  </testcase> <!-- TestChekExistingcode -->
</testsuite> <!-- carriersNegative.TestCaseForCode -->
