<?xml version="1.0" encoding="UTF-8"?>
<!-- Generated by org.testng.reporters.JUnitReportReporter -->
<testsuite hostname="EXPLPT453" failures="0" tests="2" name="shipviasnegative.ShipViasDescription" time="71.930" errors="0" timestamp="2023-08-16T17:24:59 IST" skipped="0">
  <testcase classname="shipviasnegative.ShipViasDescription" name="ShipviaDescriptionTest" time="48.119"/>
  <system-out/>
  <testcase classname="shipviasnegative.ShipViasDescription" name="CheckcodeBlank" time="23.811"/>
  <system-out/>
</testsuite> <!-- shipviasnegative.ShipViasDescription -->
