<?xml version="1.0" encoding="UTF-8"?>
<!-- Generated by org.testng.reporters.JUnitReportReporter -->
<testsuite hostname="EXPLPT453" failures="0" tests="1" name="manifestexplorer.ActivateTest" time="36.985" errors="0" timestamp="2023-10-19T19:41:13 IST" skipped="0">
  <testcase classname="manifestexplorer.ActivateTest" name="ActivateTestME" time="36.985"/>
</testsuite> <!-- manifestexplorer.ActivateTest -->
