<?xml version="1.0" encoding="UTF-8"?>
<!-- Generated by org.testng.reporters.JUnitReportReporter -->
<testsuite hostname="EXPLPT453" failures="0" tests="1" name="cartonsnegative.Cartonsadd" time="39.336" errors="0" timestamp="2023-08-17T15:22:16 IST" skipped="0">
  <testcase classname="cartonsnegative.Cartonsadd" name="TestCartons" time="39.336"/>
  <system-out/>
</testsuite> <!-- cartonsnegative.Cartonsadd -->
