<?xml version="1.0" encoding="UTF-8"?>
<!-- Generated by org.testng.reporters.JUnitReportReporter -->
<testsuite hostname="EXPLPT453" failures="0" tests="2" name="bestwayvias.ShipmentofBestwayinternational" time="213.030" errors="0" timestamp="2023-08-10T10:29:13 IST" skipped="0">
  <testcase classname="bestwayvias.ShipmentofBestwayinternational" name="bestwaynew" time="68.112"/>
  <system-out/>
  <testcase classname="bestwayvias.ShipmentofBestwayinternational" name="Doshipment" time="144.918"/>
  <system-out/>
</testsuite> <!-- bestwayvias.ShipmentofBestwayinternational -->
