<?xml version="1.0" encoding="UTF-8"?>
<!-- Generated by org.testng.reporters.JUnitReportReporter -->
<testsuite hostname="EXPLPT453" failures="0" tests="2" name="processhipmentnegative.PSHolds" time="53.088" errors="0" timestamp="2023-10-02T10:40:47 IST" skipped="0">
  <testcase classname="processhipmentnegative.PSHolds" name="TestShipToHold" time="38.476"/>
  <testcase classname="processhipmentnegative.PSHolds" name="testHold" time="14.612"/>
</testsuite> <!-- processhipmentnegative.PSHolds -->
