<?xml version="1.0" encoding="UTF-8"?>
<!-- Generated by org.testng.reporters.JUnitReportReporter -->
<testsuite hostname="EXPLPT453" failures="0" tests="1" name="shipviasnegative.ShipViasSearch" time="37.034" errors="0" timestamp="2023-09-19T18:33:43 IST" skipped="0">
  <testcase classname="shipviasnegative.ShipViasSearch" name="ShipviaSearch" time="37.034"/>
</testsuite> <!-- shipviasnegative.ShipViasSearch -->
