<?xml version="1.0" encoding="UTF-8"?>
<!-- Generated by org.testng.reporters.JUnitReportReporter -->
<testsuite hostname="EXPLPT453" failures="0" tests="1" name="viewShipmentTask.VSSearchWithPackageId" time="61.390" errors="0" timestamp="27 Jun 2023 16:36:15 GMT" skipped="0">
  <testcase classname="viewShipmentTask.VSSearchWithPackageId" name="VSCarriers" time="61.390"/>
</testsuite> <!-- viewShipmentTask.VSSearchWithPackageId -->
