<?xml version="1.0" encoding="UTF-8"?>
<!-- Generated by org.testng.reporters.JUnitReportReporter -->
<testsuite hostname="EXPLPT453" failures="0" tests="4" name="swosnegative.Swoswithpacknegative" time="38.206" errors="0" timestamp="2023-10-04T12:22:43 IST" skipped="0">
  <testcase classname="swosnegative.Swoswithpacknegative" name="TestSearchGroups" time="16.049"/>
  <testcase classname="swosnegative.Swoswithpacknegative" name="testAddGroups" time="7.363"/>
  <testcase classname="swosnegative.Swoswithpacknegative" name="testAddGroups" time="7.504"/>
  <testcase classname="swosnegative.Swoswithpacknegative" name="testAddGroups" time="7.290"/>
</testsuite> <!-- swosnegative.Swoswithpacknegative -->
