<?xml version="1.0" encoding="UTF-8"?>
<!-- Generated by org.testng.reporters.JUnitReportReporter -->
<testsuite hostname="EXPLPT453" failures="0" tests="2" name="bestwayviasNegative.TestcaseforCode" time="72.260" errors="0" timestamp="2023-08-16T15:02:29 IST" skipped="0">
  <testcase classname="bestwayviasNegative.TestcaseforCode" name="testExceedingMaxLengthForCode" time="66.207"/>
  <system-out/>
  <testcase classname="bestwayviasNegative.TestcaseforCode" name="testBlanck" time="6.053"/>
  <system-out/>
</testsuite> <!-- bestwayviasNegative.TestcaseforCode -->
