<?xml version="1.0" encoding="UTF-8"?>
<!-- Generated by org.testng.reporters.JUnitReportReporter -->
<testsuite hostname="EXPLPT453" failures="0" tests="5" name="productsNegative.ProductsCode" time="87.092" errors="0" timestamp="2023-08-25T11:44:24 IST" skipped="0">
  <testcase classname="productsNegative.ProductsCode" name="ProductCodeTest" time="53.170"/>
  <system-out/>
  <testcase classname="productsNegative.ProductsCode" name="codetest" time="7.973"/>
  <system-out/>
  <testcase classname="productsNegative.ProductsCode" name="codeBlanck" time="8.013"/>
  <system-out/>
  <testcase classname="productsNegative.ProductsCode" name="descriptiontest" time="10.076"/>
  <system-out/>
  <testcase classname="productsNegative.ProductsCode" name="descriptiontestBlanck" time="7.860"/>
  <system-out/>
</testsuite> <!-- productsNegative.ProductsCode -->
