<?xml version="1.0" encoding="UTF-8"?>
<!-- Generated by org.testng.reporters.JUnitReportReporter -->
<testsuite hostname="EXPLPT453" failures="0" tests="1" name="bestwayvias.BestWayClone" time="37.986" errors="0" timestamp="2023-08-11T14:39:37 IST" skipped="0">
  <testcase classname="bestwayvias.BestWayClone" name="Shipviaprient" time="37.986"/>
  <system-out/>
</testsuite> <!-- bestwayvias.BestWayClone -->
