<?xml version="1.0" encoding="UTF-8"?>
<!-- Generated by org.testng.reporters.JUnitReportReporter -->
<testsuite hostname="EXPLPT453" failures="0" tests="1" name="carriers.New" time="145.830" errors="0" timestamp="13 Jul 2023 08:16:16 GMT" skipped="0">
  <testcase classname="carriers.New" name="newcarriers" time="145.830"/>
</testsuite> <!-- carriers.New -->
