<?xml version="1.0" encoding="UTF-8"?>
<!-- Generated by org.testng.reporters.JUnitReportReporter -->
<testsuite hostname="EXPLPT453" failures="0" tests="1" name="carriers.SSTest" time="69.778" errors="0" timestamp="2023-07-31T19:23:15 IST" skipped="0">
  <testcase classname="carriers.SSTest" name="shipVia" time="69.778"/>
  <system-out/>
</testsuite> <!-- carriers.SSTest -->
