<?xml version="1.0" encoding="UTF-8"?>
<!-- Generated by org.testng.reporters.JUnitReportReporter -->
<testsuite hostname="EXPLPT453" failures="0" tests="2" name="test.FedExShipAlert" time="114.496" errors="0" timestamp="21 Jul 2023 04:48:28 GMT" skipped="0">
  <testcase classname="test.FedExShipAlert" name="shipvia" time="93.649"/>
  <testcase classname="test.FedExShipAlert" name="setup" time="20.847"/>
</testsuite> <!-- test.FedExShipAlert -->
