<?xml version="1.0" encoding="UTF-8"?>
<!-- Generated by org.testng.reporters.JUnitReportReporter -->
<testsuite hostname="EXPLPT453" failures="0" tests="1" name="thirdpartybillingaccounts.TPBAadd" time="69.874" errors="0" timestamp="2023-09-18T17:20:31 IST" skipped="0">
  <testcase classname="thirdpartybillingaccounts.TPBAadd" name="addaccount" time="69.874"/>
</testsuite> <!-- thirdpartybillingaccounts.TPBAadd -->
