<?xml version="1.0" encoding="UTF-8"?>
<!-- Generated by org.testng.reporters.JUnitReportReporter -->
<testsuite hostname="EXPLPT453" failures="0" tests="1" name="carriers.New" time="75.896" errors="0" timestamp="2023-09-19T13:44:04 IST" skipped="0">
  <testcase classname="carriers.New" name="newcarriers" time="75.896"/>
</testsuite> <!-- carriers.New -->
