<?xml version="1.0" encoding="UTF-8"?>
<!-- Generated by org.testng.reporters.JUnitReportReporter -->
<testsuite hostname="EXPLPT453" failures="0" tests="1" name="archivedmanifesttest.WorldEaseTest" time="27.741" errors="0" timestamp="2023-08-04T21:57:01 IST" skipped="0">
  <testcase classname="archivedmanifesttest.WorldEaseTest" name="testcase" time="27.741"/>
  <system-out/>
</testsuite> <!-- archivedmanifesttest.WorldEaseTest -->
