<?xml version="1.0" encoding="UTF-8"?>
<!-- Generated by org.testng.reporters.JUnitReportReporter -->
<testsuite hostname="EXPLPT453" failures="0" tests="4" name="cartonsnegative.CheckDimensions" time="67.566" errors="0" timestamp="2023-08-18T12:38:25 IST" skipped="0">
  <testcase classname="cartonsnegative.CheckDimensions" name="TestCartons" time="30.404"/>
  <system-out/>
  <testcase classname="cartonsnegative.CheckDimensions" name="Length" time="12.261"/>
  <system-out/>
  <testcase classname="cartonsnegative.CheckDimensions" name="Width" time="12.478"/>
  <system-out/>
  <testcase classname="cartonsnegative.CheckDimensions" name="Height" time="12.423"/>
  <system-out/>
</testsuite> <!-- cartonsnegative.CheckDimensions -->
