<?xml version="1.0" encoding="UTF-8"?>
<!-- Generated by org.testng.reporters.JUnitReportReporter -->
<testsuite hostname="EXPLPT453" failures="0" tests="2" name="shipviasnegative.ShipViasCode" time="58.684" errors="0" timestamp="2023-09-19T17:19:54 IST" skipped="0">
  <testcase classname="shipviasnegative.ShipViasCode" name="ShipviacodeTest" time="43.033"/>
  <testcase classname="shipviasnegative.ShipViasCode" name="CheckcodeBlank" time="15.651"/>
</testsuite> <!-- shipviasnegative.ShipViasCode -->
