<?xml version="1.0" encoding="UTF-8"?>
<!-- Generated by org.testng.reporters.JUnitReportReporter -->
<testsuite hostname="EXPLPT453" failures="0" tests="1" name="stCustomer.CustomerPS" time="117.241" errors="0" timestamp="2023-09-18T15:00:28 IST" skipped="0">
  <testcase classname="stCustomer.CustomerPS" name="Customeradd" time="117.241"/>
</testsuite> <!-- stCustomer.CustomerPS -->
