<?xml version="1.0" encoding="UTF-8"?>
<!-- Generated by org.testng.reporters.JUnitReportReporter -->
<testsuite hostname="EXPLPT453" failures="0" tests="1" name="com.cms.SupportTableTest.STCartonsTest" time="71.702" errors="0" timestamp="2023-08-17T12:22:18 IST" skipped="0">
  <testcase classname="com.cms.SupportTableTest.STCartonsTest" name="CartonCreateTest" time="71.702"/>
  <system-out/>
</testsuite> <!-- com.cms.SupportTableTest.STCartonsTest -->
