<?xml version="1.0" encoding="UTF-8"?>
<!-- Generated by org.testng.reporters.JUnitReportReporter -->
<testsuite hostname="EXPLPT453" failures="0" tests="1" name="departments.Taskdepartmentscheck" time="118.092" errors="0" timestamp="18 Jul 2023 10:06:07 GMT" skipped="0">
  <testcase classname="departments.Taskdepartmentscheck" name="newDepartments" time="118.092"/>
</testsuite> <!-- departments.Taskdepartmentscheck -->
