<?xml version="1.0" encoding="UTF-8"?>
<!-- Generated by org.testng.reporters.JUnitReportReporter -->
<testsuite hostname="EXPLPT453" failures="0" tests="8" name="processhipmentnegative.SwosWithPackVSNew" time="211.713" errors="0" timestamp="2023-10-03T09:45:08 IST" skipped="0">
  <testcase classname="processhipmentnegative.SwosWithPackVSNew" name="TestaddGroups" time="61.682"/>
  <testcase classname="processhipmentnegative.SwosWithPackVSNew" name="shipviatest" time="6.410"/>
  <testcase classname="processhipmentnegative.SwosWithPackVSNew" name="addcustomer" time="29.003"/>
  <testcase classname="processhipmentnegative.SwosWithPackVSNew" name="addcustomer" time="28.989"/>
  <testcase classname="processhipmentnegative.SwosWithPackVSNew" name="SelectMaster" time="23.556"/>
  <testcase classname="processhipmentnegative.SwosWithPackVSNew" name="TestPack" time="31.363"/>
  <testcase classname="processhipmentnegative.SwosWithPackVSNew" name="TestCaptureShipmentid" time="0.048"/>
  <testcase classname="processhipmentnegative.SwosWithPackVSNew" name="ViewShipment" time="30.662"/>
</testsuite> <!-- processhipmentnegative.SwosWithPackVSNew -->
