<?xml version="1.0" encoding="UTF-8"?>
<!-- Generated by org.testng.reporters.JUnitReportReporter -->
<testsuite hostname="EXPLPT453" failures="0" tests="3" name="thirdpartyaccounts.TPACityStateZip" time="127.607" errors="0" timestamp="2023-08-25T10:58:54 IST" skipped="0">
  <testcase classname="thirdpartyaccounts.TPACityStateZip" name="Testcity" time="63.609"/>
  <system-out/>
  <testcase classname="thirdpartyaccounts.TPACityStateZip" name="TestState" time="33.436"/>
  <system-out/>
  <testcase classname="thirdpartyaccounts.TPACityStateZip" name="TestZIP" time="30.562"/>
  <system-out/>
</testsuite> <!-- thirdpartyaccounts.TPACityStateZip -->
