<?xml version="1.0" encoding="UTF-8"?>
<!-- Generated by org.testng.reporters.JUnitReportReporter -->
<testsuite hostname="EXPLPT453" failures="0" tests="3" name="carriersNegative.TestCaseForCode" time="145.779" errors="0" timestamp="2023-08-14T21:20:13 IST" skipped="0">
  <testcase classname="carriersNegative.TestCaseForCode" name="testcase" time="66.341"/>
  <system-out/>
  <testcase classname="carriersNegative.TestCaseForCode" name="testBlanck" time="9.096"/>
  <system-out/>
  <testcase classname="carriersNegative.TestCaseForCode" name="TestChekExistingcode" time="70.342"/>
  <system-out/>
</testsuite> <!-- carriersNegative.TestCaseForCode -->
