<?xml version="1.0" encoding="UTF-8"?>
<!-- Generated by org.testng.reporters.JUnitReportReporter -->
<testsuite hostname="EXPLPT453" failures="0" tests="2" name="localTest.Carriers" time="45.957" errors="0" timestamp="2023-08-24T19:30:53 IST" skipped="0">
  <testcase classname="localTest.Carriers" name="searchdepartment" time="20.830"/>
  <system-out/>
  <testcase classname="localTest.Carriers" name="newDepartments" time="25.127"/>
  <system-out/>
</testsuite> <!-- localTest.Carriers -->
