<?xml version="1.0" encoding="UTF-8"?>
<!-- Generated by org.testng.reporters.JUnitReportReporter -->
<testsuite hostname="EXPLPT453" failures="0" tests="4" name="archivedmanifesttest.TestAM" time="19.169" errors="0" timestamp="2023-08-04T15:33:30 IST" skipped="0">
  <testcase classname="archivedmanifesttest.TestAM" name="openAM" time="12.996"/>
  <system-out/>
  <testcase classname="archivedmanifesttest.TestAM" name="selectcarrier" time="2.159"/>
  <system-out/>
  <testcase classname="archivedmanifesttest.TestAM" name="Searchwithdate" time="0.436"/>
  <system-out/>
  <testcase classname="archivedmanifesttest.TestAM" name="DateSearchFrom" time="3.578"/>
  <system-out/>
</testsuite> <!-- archivedmanifesttest.TestAM -->
