<?xml version="1.0" encoding="UTF-8"?>
<!-- Generated by org.testng.reporters.JUnitReportReporter -->
<testsuite hostname="EXPLPT453" failures="0" tests="2" name="test.DeclaredValueThirdPartyInsurance" time="114.477" errors="0" timestamp="20 Jul 2023 13:18:48 GMT" skipped="0">
  <testcase classname="test.DeclaredValueThirdPartyInsurance" name="setup" time="21.947"/>
  <testcase classname="test.DeclaredValueThirdPartyInsurance" name="shipvia" time="92.530"/>
</testsuite> <!-- test.DeclaredValueThirdPartyInsurance -->
