<?xml version="1.0" encoding="UTF-8"?>
<!-- Generated by org.testng.reporters.JUnitReportReporter -->
<testsuite hostname="EXPLPT453" failures="0" tests="2" name="test.DropOffFlag" time="114.319" errors="0" timestamp="20 Jul 2023 09:06:47 GMT" skipped="0">
  <testcase classname="test.DropOffFlag" name="setup" time="16.754"/>
  <testcase classname="test.DropOffFlag" name="shipvia" time="97.565"/>
</testsuite> <!-- test.DropOffFlag -->
