<?xml version="1.0" encoding="UTF-8"?>
<!-- Generated by org.testng.reporters.JUnitReportReporter -->
<testsuite hostname="EXPLPT453" failures="0" tests="1" name="productsNegative.ProductDangerousGoods" time="34.750" errors="0" timestamp="2023-08-23T12:25:01 IST" skipped="0">
  <testcase classname="productsNegative.ProductDangerousGoods" name="TestHazardClass" time="34.750"/>
  <system-out/>
</testsuite> <!-- productsNegative.ProductDangerousGoods -->
