<?xml version="1.0" encoding="UTF-8"?>
<!-- Generated by org.testng.reporters.JUnitReportReporter -->
<testsuite hostname="EXPLPT453" failures="0" tests="2" name="departments.Departments" time="46.628" errors="0" timestamp="2023-09-18T14:30:42 IST" skipped="0">
  <testcase classname="departments.Departments" name="searchdepartment" time="21.481"/>
  <testcase classname="departments.Departments" name="newDepartments" time="25.147"/>
</testsuite> <!-- departments.Departments -->
