<?xml version="1.0" encoding="UTF-8"?>
<!-- Generated by org.testng.reporters.JUnitReportReporter -->
<testsuite hostname="EXPLPT453" failures="0" tests="1" name="thirdpartybillingaccounts.TPBAadd" time="113.037" errors="0" timestamp="12 Jul 2023 07:26:11 GMT" skipped="0">
  <testcase classname="thirdpartybillingaccounts.TPBAadd" name="addaccount" time="113.037"/>
</testsuite> <!-- thirdpartybillingaccounts.TPBAadd -->
