<?xml version="1.0" encoding="UTF-8"?>
<!-- Generated by org.testng.reporters.JUnitReportReporter -->
<testsuite hostname="EXPLPT453" failures="0" tests="1" name="orgSiteGroups.Loginwithnewuser" time="0.008" errors="0" timestamp="2023-11-01T15:24:12 IST" skipped="0">
  <testcase classname="orgSiteGroups.Loginwithnewuser" name="test" time="0.008"/>
</testsuite> <!-- orgSiteGroups.Loginwithnewuser -->
