<?xml version="1.0" encoding="UTF-8"?>
<!-- Generated by org.testng.reporters.JUnitReportReporter -->
<testsuite hostname="EXPLPT453" failures="0" tests="2" name="processhipmentnegative.ProcesShipmentSWOS" time="67.537" errors="0" timestamp="2023-08-30T18:05:32 IST" skipped="0">
  <testcase classname="processhipmentnegative.ProcesShipmentSWOS" name="TestSWOS" time="49.552"/>
  <system-out/>
  <testcase classname="processhipmentnegative.ProcesShipmentSWOS" name="addshipid" time="17.985"/>
  <system-out/>
</testsuite> <!-- processhipmentnegative.ProcesShipmentSWOS -->
