<?xml version="1.0" encoding="UTF-8"?>
<!-- Generated by org.testng.reporters.JUnitReportReporter -->
<testsuite hostname="EXPLPT453" failures="0" tests="1" name="customersnegative.ContactTest" time="35.602" errors="0" timestamp="2023-09-18T13:12:39 IST" skipped="0">
  <testcase classname="customersnegative.ContactTest" name="ContactTextboxTest" time="35.602"/>
</testsuite> <!-- customersnegative.ContactTest -->
