<?xml version="1.0" encoding="UTF-8"?>
<!-- Generated by org.testng.reporters.JUnitReportReporter -->
<testsuite hostname="EXPLPT453" failures="0" tests="1" name="com.cms.ManifestExplorerTest.FetureMECreatenewTest" time="79.935" errors="0" timestamp="29 Jun 2023 14:39:12 GMT" skipped="0">
  <testcase classname="com.cms.ManifestExplorerTest.FetureMECreatenewTest" name="MECreatenewTest" time="79.935"/>
</testsuite> <!-- com.cms.ManifestExplorerTest.FetureMECreatenewTest -->
