<?xml version="1.0" encoding="UTF-8"?>
<!-- Generated by org.testng.reporters.JUnitReportReporter -->
<testsuite hostname="EXPLPT453" failures="0" tests="1" name="thirdpartyaccounts.TPACityStateZip" time="54.852" errors="0" timestamp="2023-08-24T11:17:06 IST" skipped="0">
  <testcase classname="thirdpartyaccounts.TPACityStateZip" name="Testcity" time="54.852"/>
  <system-out/>
</testsuite> <!-- thirdpartyaccounts.TPACityStateZip -->
