<?xml version="1.0" encoding="UTF-8"?>
<!-- Generated by org.testng.reporters.JUnitReportReporter -->
<testsuite hostname="EXPLPT453" failures="0" tests="2" name="carriers.Newcarriers" time="88.027" errors="0" timestamp="2023-08-28T15:32:59 IST" skipped="1">
  <testcase classname="carriers.Newcarriers" name="newcarriers" time="88.027"/>
  <system-out/>
  <testcase classname="carriers.Newcarriers" name="international">
    <skipped/>
  </testcase> <!-- international -->
  <system-out/>
</testsuite> <!-- carriers.Newcarriers -->
