<?xml version="1.0" encoding="UTF-8"?>
<!-- Generated by org.testng.reporters.JUnitReportReporter -->
<testsuite hostname="EXPLPT453" failures="0" tests="2" name="bestwayvias.BestwayEdit" time="36.699" errors="0" timestamp="2023-08-08T21:31:09 IST" skipped="1">
  <testcase classname="bestwayvias.BestwayEdit" name="EditCode" time="36.699"/>
  <system-out/>
  <testcase classname="bestwayvias.BestwayEdit" name="EditBestway">
    <skipped/>
  </testcase> <!-- EditBestway -->
  <system-out/>
</testsuite> <!-- bestwayvias.BestwayEdit -->
