<?xml version="1.0" encoding="UTF-8"?>
<!-- Generated by org.testng.reporters.JUnitReportReporter -->
<testsuite hostname="EXPLPT453" failures="0" tests="1" name="thirdpartybillingaccounts.Nextprevious" time="73.372" errors="0" timestamp="12 Jul 2023 07:34:09 GMT" skipped="0">
  <testcase classname="thirdpartybillingaccounts.Nextprevious" name="checkbuttons" time="73.372"/>
</testsuite> <!-- thirdpartybillingaccounts.Nextprevious -->
