<?xml version="1.0" encoding="UTF-8"?>
<!-- Generated by org.testng.reporters.JUnitReportReporter -->
<testsuite hostname="EXPLPT453" failures="0" tests="1" name="departmentsnegative.DepartmentAdd" time="31.420" errors="0" timestamp="2023-09-18T14:39:49 IST" skipped="0">
  <testcase classname="departmentsnegative.DepartmentAdd" name="checkexisting" time="31.420"/>
</testsuite> <!-- departmentsnegative.DepartmentAdd -->
