<?xml version="1.0" encoding="UTF-8"?>
<!-- Generated by org.testng.reporters.JUnitReportReporter -->
<testsuite hostname="EXPLPT453" failures="0" tests="4" name="departmentsnegative.DepartmentCodeDescription" time="77.615" errors="0" timestamp="2023-09-18T14:45:07 IST" skipped="0">
  <testcase classname="departmentsnegative.DepartmentCodeDescription" name="TestCode" time="38.236"/>
  <testcase classname="departmentsnegative.DepartmentCodeDescription" name="TestCodeBlanck" time="9.980"/>
  <testcase classname="departmentsnegative.DepartmentCodeDescription" name="TestDescription" time="14.997"/>
  <testcase classname="departmentsnegative.DepartmentCodeDescription" name="TestDescriptionBlanck" time="14.402"/>
</testsuite> <!-- departmentsnegative.DepartmentCodeDescription -->
