<?xml version="1.0" encoding="UTF-8"?>
<!-- Generated by org.testng.reporters.JUnitReportReporter -->
<testsuite hostname="EXPLPT453" failures="0" tests="2" name="billoflading.BOL" time="42.574" errors="0" timestamp="2023-08-02T11:22:15 IST" skipped="0">
  <testcase classname="billoflading.BOL" name="setup" time="28.051"/>
  <system-out/>
  <testcase classname="billoflading.BOL" name="voidbol" time="14.523"/>
  <system-out/>
</testsuite> <!-- billoflading.BOL -->
