<?xml version="1.0" encoding="UTF-8"?>
<!-- Generated by org.testng.reporters.JUnitReportReporter -->
<testsuite hostname="EXPLPT453" failures="0" tests="1" name="swos.SWOSaddnew" time="27.694" errors="0" timestamp="2023-09-20T00:36:52 IST" skipped="0">
  <testcase classname="swos.SWOSaddnew" name="SearchTest" time="27.694"/>
</testsuite> <!-- swos.SWOSaddnew -->
