<?xml version="1.0" encoding="UTF-8"?>
<!-- Generated by org.testng.reporters.JUnitReportReporter -->
<testsuite hostname="EXPLPT453" failures="0" tests="1" name="stCustomer.CustomerPS" time="139.603" errors="0" timestamp="05 Jul 2023 04:55:14 GMT" skipped="0">
  <testcase classname="stCustomer.CustomerPS" name="Customeradd" time="139.603"/>
</testsuite> <!-- stCustomer.CustomerPS -->
