<?xml version="1.0" encoding="UTF-8"?>
<!-- Generated by org.testng.reporters.JUnitReportReporter -->
<testsuite hostname="EXPLPT453" failures="0" tests="2" name="carriersNegative.TestCaseForDescription" time="56.390" errors="0" timestamp="2023-09-19T15:49:56 IST" skipped="0">
  <testcase classname="carriersNegative.TestCaseForDescription" name="testcase" time="47.376"/>
  <testcase classname="carriersNegative.TestCaseForDescription" name="testBlanck" time="9.014"/>
</testsuite> <!-- carriersNegative.TestCaseForDescription -->
