<?xml version="1.0" encoding="UTF-8"?>
<!-- Generated by org.testng.reporters.JUnitReportReporter -->
<testsuite hostname="EXPLPT453" failures="0" tests="1" name="departmentsnegative.DepartmentsTestCode" time="20.152" errors="0" timestamp="2023-08-21T17:49:55 IST" skipped="0">
  <testcase classname="departmentsnegative.DepartmentsTestCode" name="SearchTest" time="20.152"/>
  <system-out/>
</testsuite> <!-- departmentsnegative.DepartmentsTestCode -->
