<?xml version="1.0" encoding="UTF-8"?>
<!-- Generated by org.testng.reporters.JUnitReportReporter -->
<testsuite hostname="EXPLPT453" failures="0" tests="2" name="processhipmentnegative.ProcesShipmentSWOS" time="69.683" errors="0" timestamp="2023-09-19T23:21:30 IST" skipped="0">
  <testcase classname="processhipmentnegative.ProcesShipmentSWOS" name="TestSWOS" time="51.384"/>
  <testcase classname="processhipmentnegative.ProcesShipmentSWOS" name="addshipid" time="18.299"/>
</testsuite> <!-- processhipmentnegative.ProcesShipmentSWOS -->
