<?xml version="1.0" encoding="UTF-8"?>
<!-- Generated by org.testng.reporters.JUnitReportReporter -->
<testsuite hostname="EXPLPT453" failures="0" tests="2" name="billoflading.Merge" time="29.771" errors="0" timestamp="2023-08-01T20:07:17 IST" skipped="0">
  <testcase classname="billoflading.Merge" name="SelectBOLcustomer" time="11.934"/>
  <system-out/>
  <testcase classname="billoflading.Merge" name="Mergebol" time="17.837"/>
  <system-out/>
</testsuite> <!-- billoflading.Merge -->
