<?xml version="1.0" encoding="UTF-8"?>
<!-- Generated by org.testng.reporters.JUnitReportReporter -->
<testsuite hostname="EXPLPT453" failures="0" tests="2" name="carriers.Test1" time="114.601" errors="0" timestamp="25 Jul 2023 04:59:53 GMT" skipped="0">
  <testcase classname="carriers.Test1" name="shipvia" time="90.649"/>
  <testcase classname="carriers.Test1" name="setup" time="23.952"/>
</testsuite> <!-- carriers.Test1 -->
