<?xml version="1.0" encoding="UTF-8"?>
<!-- Generated by org.testng.reporters.JUnitReportReporter -->
<testsuite hostname="EXPLPT453" failures="0" tests="6" name="customersnegative.TestCityStateZip" time="58.132" errors="0" timestamp="2023-09-18T13:39:30 IST" skipped="0">
  <testcase classname="customersnegative.TestCityStateZip" name="City" time="26.852"/>
  <testcase classname="customersnegative.TestCityStateZip" name="TestCityBlank" time="5.898"/>
  <testcase classname="customersnegative.TestCityStateZip" name="TestState" time="6.135"/>
  <testcase classname="customersnegative.TestCityStateZip" name="TestStateBlank" time="6.125"/>
  <testcase classname="customersnegative.TestCityStateZip" name="TestZip" time="6.620"/>
  <testcase classname="customersnegative.TestCityStateZip" name="TestZipBlank" time="6.502"/>
</testsuite> <!-- customersnegative.TestCityStateZip -->
