<?xml version="1.0" encoding="UTF-8"?>
<!-- Generated by org.testng.reporters.JUnitReportReporter -->
<testsuite hostname="EXPLPT453" failures="0" tests="1" name="com.com.ArchivedManifestsTest.AMSelectManifestTest" time="31.028" errors="0" timestamp="2023-09-20T10:14:28 IST" skipped="0">
  <testcase classname="com.com.ArchivedManifestsTest.AMSelectManifestTest" name="ArchivedManifestsTest" time="31.028"/>
</testsuite> <!-- com.com.ArchivedManifestsTest.AMSelectManifestTest -->
