<?xml version="1.0" encoding="UTF-8"?>
<!-- Generated by org.testng.reporters.JUnitReportReporter -->
<testsuite hostname="EXPLPT453" failures="0" tests="5" name="productsNegative.ProductsCode" time="72.031" errors="0" timestamp="2023-09-18T16:53:56 IST" skipped="0">
  <testcase classname="productsNegative.ProductsCode" name="ProductCodeTest" time="38.209"/>
  <testcase classname="productsNegative.ProductsCode" name="codetest" time="7.988"/>
  <testcase classname="productsNegative.ProductsCode" name="codeBlanck" time="7.822"/>
  <testcase classname="productsNegative.ProductsCode" name="descriptiontest" time="10.193"/>
  <testcase classname="productsNegative.ProductsCode" name="descriptiontestBlanck" time="7.819"/>
</testsuite> <!-- productsNegative.ProductsCode -->
