<?xml version="1.0" encoding="UTF-8"?>
<!-- Generated by org.testng.reporters.JUnitReportReporter -->
<testsuite hostname="EXPLPT453" failures="0" tests="1" name="carriers.SpecialServices" time="108.235" errors="0" timestamp="2023-08-03T13:37:17 IST" skipped="0">
  <testcase classname="carriers.SpecialServices" name="shipVia" time="108.235"/>
  <system-out/>
</testsuite> <!-- carriers.SpecialServices -->
