<?xml version="1.0" encoding="UTF-8"?>
<!-- Generated by org.testng.reporters.JUnitReportReporter -->
<testsuite hostname="EXPLPT453" failures="0" tests="1" name="bestwayviasNegative.AddBestwayvia" time="75.836" errors="0" timestamp="2023-08-11T18:08:56 IST" skipped="0">
  <testcase classname="bestwayviasNegative.AddBestwayvia" name="chekadd" time="75.836"/>
  <system-out/>
</testsuite> <!-- bestwayviasNegative.AddBestwayvia -->
