<?xml version="1.0" encoding="UTF-8"?>
<!-- Generated by org.testng.reporters.JUnitReportReporter -->
<testsuite hostname="EXPLPT453" failures="0" tests="1" name="customersnegative.CustomerNew" time="36.797" errors="0" timestamp="2023-09-18T13:20:59 IST" skipped="0">
  <testcase classname="customersnegative.CustomerNew" name="TestCustomer" time="36.797"/>
</testsuite> <!-- customersnegative.CustomerNew -->
