<?xml version="1.0" encoding="UTF-8"?>
<!-- Generated by org.testng.reporters.JUnitReportReporter -->
<testsuite hostname="EXPLPT453" failures="0" tests="2" name="test.Holdatlocation" time="136.536" errors="0" timestamp="20 Jul 2023 07:00:46 GMT" skipped="0">
  <testcase classname="test.Holdatlocation" name="setup" time="21.336"/>
  <testcase classname="test.Holdatlocation" name="shipvia" time="115.200"/>
</testsuite> <!-- test.Holdatlocation -->
