<?xml version="1.0" encoding="UTF-8"?>
<!-- Generated by org.testng.reporters.JUnitReportReporter -->
<testsuite hostname="EXPLPT453" failures="0" tests="1" name="com.cms.SupportTableTest.DepartmentsCreateTest" time="58.645" errors="0" timestamp="30 Jun 2023 03:11:44 GMT" skipped="0">
  <testcase classname="com.cms.SupportTableTest.DepartmentsCreateTest" name="STDepartmentsCreate" time="58.645"/>
</testsuite> <!-- com.cms.SupportTableTest.DepartmentsCreateTest -->
