<?xml version="1.0" encoding="UTF-8"?>
<!-- Generated by org.testng.reporters.JUnitReportReporter -->
<testsuite hostname="EXPLPT453" failures="0" tests="1" name="bestwayvias.PreviousandNext" time="68.680" errors="0" timestamp="2023-08-11T15:24:51 IST" skipped="0">
  <testcase classname="bestwayvias.PreviousandNext" name="check" time="68.680"/>
  <system-out/>
</testsuite> <!-- bestwayvias.PreviousandNext -->
