<?xml version="1.0" encoding="UTF-8"?>
<!-- Generated by org.testng.reporters.JUnitReportReporter -->
<testsuite hostname="EXPLPT453" failures="0" tests="3" name="billoflading.Resume" time="37.881" errors="0" timestamp="2023-08-03T10:16:49 IST" skipped="0">
  <testcase classname="billoflading.Resume" name="SelectBOLcustomer" time="9.040"/>
  <system-out/>
  <testcase classname="billoflading.Resume" name="close" time="17.011"/>
  <system-out/>
  <testcase classname="billoflading.Resume" name="resume" time="11.830"/>
  <system-out/>
</testsuite> <!-- billoflading.Resume -->
