<?xml version="1.0" encoding="UTF-8"?>
<!-- Generated by org.testng.reporters.JUnitReportReporter -->
<testsuite hostname="EXPLPT453" failures="0" tests="2" name="stCustomer.nextPrevious" time="18.875" errors="0" timestamp="2023-08-21T10:26:05 IST" skipped="1">
  <testcase classname="stCustomer.nextPrevious" name="customer" time="18.875"/>
  <system-out/>
  <testcase classname="stCustomer.nextPrevious" name="searchcustomer">
    <skipped/>
  </testcase> <!-- searchcustomer -->
  <system-out/>
</testsuite> <!-- stCustomer.nextPrevious -->
