<?xml version="1.0" encoding="UTF-8"?>
<!-- Generated by org.testng.reporters.JUnitReportReporter -->
<testsuite hostname="EXPLPT453" failures="0" tests="1" name="bestwayvias.DisableBestway" time="32.909" errors="0" timestamp="2023-08-11T14:46:22 IST" skipped="0">
  <testcase classname="bestwayvias.DisableBestway" name="Enable" time="32.909"/>
  <system-out/>
</testsuite> <!-- bestwayvias.DisableBestway -->
