<?xml version="1.0" encoding="UTF-8"?>
<!-- Generated by org.testng.reporters.JUnitReportReporter -->
<testsuite hostname="EXPLPT453" failures="0" tests="1" name="bestwayviasNegative.BestwayviasSearch" time="28.869" errors="0" timestamp="2023-08-11T11:39:38 IST" skipped="0">
  <testcase classname="bestwayviasNegative.BestwayviasSearch" name="testcase" time="28.869"/>
  <system-out/>
</testsuite> <!-- bestwayviasNegative.BestwayviasSearch -->
