<?xml version="1.0" encoding="UTF-8"?>
<!-- Generated by org.testng.reporters.JUnitReportReporter -->
<testsuite hostname="EXPLPT453" failures="0" tests="7" name="processhipmentnegative.SwosVSMaster" time="189.232" errors="0" timestamp="2023-09-24T12:27:33 IST" skipped="0">
  <testcase classname="processhipmentnegative.SwosVSMaster" name="TestaddGroups" time="7.102"/>
  <testcase classname="processhipmentnegative.SwosVSMaster" name="TestShipVias" time="7.011"/>
  <testcase classname="processhipmentnegative.SwosVSMaster" name="addcustomer" time="47.815"/>
  <testcase classname="processhipmentnegative.SwosVSMaster" name="addcustomer" time="47.502"/>
  <testcase classname="processhipmentnegative.SwosVSMaster" name="SelectMaster" time="26.784"/>
  <testcase classname="processhipmentnegative.SwosVSMaster" name="TestPack" time="37.345"/>
  <testcase classname="processhipmentnegative.SwosVSMaster" name="ViewShipment" time="15.673"/>
</testsuite> <!-- processhipmentnegative.SwosVSMaster -->
