<?xml version="1.0" encoding="UTF-8"?>
<!-- Generated by org.testng.reporters.JUnitReportReporter -->
<testsuite hostname="EXPLPT453" failures="0" tests="4" name="departmentsnegative.DepartmentCodeDescription" time="74.128" errors="0" timestamp="2023-08-21T17:52:04 IST" skipped="0">
  <testcase classname="departmentsnegative.DepartmentCodeDescription" name="TestCode" time="36.855"/>
  <system-out/>
  <testcase classname="departmentsnegative.DepartmentCodeDescription" name="TestCodeBlanck" time="9.704"/>
  <system-out/>
  <testcase classname="departmentsnegative.DepartmentCodeDescription" name="TestDescription" time="13.761"/>
  <system-out/>
  <testcase classname="departmentsnegative.DepartmentCodeDescription" name="TestDescriptionBlanck" time="13.808"/>
  <system-out/>
</testsuite> <!-- departmentsnegative.DepartmentCodeDescription -->
