<?xml version="1.0" encoding="UTF-8"?>
<!-- Generated by org.testng.reporters.JUnitReportReporter -->
<testsuite hostname="EXPLPT453" failures="0" tests="2" name="processreturnNTest.ProcessReturnNegative2" time="126.481" errors="0" timestamp="2023-09-29T09:36:21 IST" skipped="0">
  <testcase classname="processreturnNTest.ProcessReturnNegative2" name="TestReturn" time="63.712"/>
  <testcase classname="processreturnNTest.ProcessReturnNegative2" name="TestReturn" time="62.769"/>
</testsuite> <!-- processreturnNTest.ProcessReturnNegative2 -->
