<?xml version="1.0" encoding="UTF-8"?>
<!-- Generated by org.testng.reporters.JUnitReportReporter -->
<testsuite hostname="EXPLPT453" failures="0" tests="6" name="organization.OrganizationNew" time="69.800" errors="0" timestamp="2023-09-20T15:55:37 IST" skipped="0">
  <testcase classname="organization.OrganizationNew" name="SearchOrgTest" time="15.023"/>
  <testcase classname="organization.OrganizationNew" name="testGeneralInformation" time="12.207"/>
  <testcase classname="organization.OrganizationNew" name="testGeneralInformation" time="11.560"/>
  <testcase classname="organization.OrganizationNew" name="testGeneralInformation" time="11.530"/>
  <testcase classname="organization.OrganizationNew" name="testGeneralInformation" time="11.508"/>
  <testcase classname="organization.OrganizationNew" name="AddNew" time="7.972"/>
</testsuite> <!-- organization.OrganizationNew -->
