<?xml version="1.0" encoding="UTF-8"?>
<!-- Generated by org.testng.reporters.JUnitReportReporter -->
<testsuite hostname="EXPLPT453" failures="0" tests="1" name="orgSiteGroups.UserAddingTest" time="67.873" errors="0" timestamp="2023-11-03T10:23:03 IST" skipped="0">
  <testcase classname="orgSiteGroups.UserAddingTest" name="TestUser" time="67.873"/>
</testsuite> <!-- orgSiteGroups.UserAddingTest -->
