<?xml version="1.0" encoding="UTF-8"?>
<!-- Generated by org.testng.reporters.JUnitReportReporter -->
<testsuite hostname="EXPLPT453" failures="0" tests="1" name="testclass.SupportTableCartons" time="57.789" errors="0" timestamp="04 Jul 2023 10:32:21 GMT" skipped="0">
  <testcase classname="testclass.SupportTableCartons" name="STCartonTestNP" time="57.789"/>
</testsuite> <!-- testclass.SupportTableCartons -->
