<?xml version="1.0" encoding="UTF-8"?>
<!-- Generated by org.testng.reporters.JUnitReportReporter -->
<testsuite hostname="EXPLPT453" failures="0" tests="1" name="shipviasnegative.ShipViasSearch" time="40.078" errors="0" timestamp="2023-08-16T17:37:28 IST" skipped="0">
  <testcase classname="shipviasnegative.ShipViasSearch" name="ShipviaSearch" time="40.078"/>
  <system-out/>
</testsuite> <!-- shipviasnegative.ShipViasSearch -->
