<?xml version="1.0" encoding="UTF-8"?>
<!-- Generated by org.testng.reporters.JUnitReportReporter -->
<testsuite hostname="EXPLPT453" failures="0" tests="3" name="archivedbols.Search" time="12.360" errors="0" timestamp="2023-08-04T10:08:23 IST" skipped="0">
  <testcase classname="archivedbols.Search" name="Archivedbols" time="5.309"/>
  <system-out/>
  <testcase classname="archivedbols.Search" name="DateSearchFrom" time="6.942"/>
  <system-out/>
  <testcase classname="archivedbols.Search" name="okclick" time="0.109"/>
  <system-out/>
</testsuite> <!-- archivedbols.Search -->
