<?xml version="1.0" encoding="UTF-8"?>
<!-- Generated by org.testng.reporters.JUnitReportReporter -->
<testsuite hostname="EXPLPT453" failures="0" tests="2" name="test.FedExDeliverySignatureOptions" time="115.070" errors="0" timestamp="20 Jul 2023 12:45:02 GMT" skipped="0">
  <testcase classname="test.FedExDeliverySignatureOptions" name="shipvia" time="92.569"/>
  <testcase classname="test.FedExDeliverySignatureOptions" name="setup" time="22.501"/>
</testsuite> <!-- test.FedExDeliverySignatureOptions -->
