<?xml version="1.0" encoding="UTF-8"?>
<!-- Generated by org.testng.reporters.JUnitReportReporter -->
<testsuite hostname="EXPLPT453" failures="0" tests="1" name="billoflading.BillofLading" time="86.374" errors="0" timestamp="2023-08-02T18:22:40 IST" skipped="0">
  <testcase classname="billoflading.BillofLading" name="Bolcreate" time="86.374"/>
  <system-out/>
</testsuite> <!-- billoflading.BillofLading -->
