<?xml version="1.0" encoding="UTF-8"?>
<!-- Generated by org.testng.reporters.JUnitReportReporter -->
<testsuite hostname="EXPLPT453" failures="0" tests="8" name="thirdpartyaccounts.ThirdPartyAccountadd" time="143.204" errors="0" timestamp="2023-09-18T17:09:41 IST" skipped="0">
  <testcase classname="thirdpartyaccounts.ThirdPartyAccountadd" name="TPASearchTest" time="30.900"/>
  <testcase classname="thirdpartyaccounts.ThirdPartyAccountadd" name="CodeTest" time="26.170"/>
  <testcase classname="thirdpartyaccounts.ThirdPartyAccountadd" name="CodeCheck" time="13.970"/>
  <testcase classname="thirdpartyaccounts.ThirdPartyAccountadd" name="CodeBlank" time="14.067"/>
  <testcase classname="thirdpartyaccounts.ThirdPartyAccountadd" name="CustomerName" time="14.422"/>
  <testcase classname="thirdpartyaccounts.ThirdPartyAccountadd" name="CustomerNameBlack" time="14.706"/>
  <testcase classname="thirdpartyaccounts.ThirdPartyAccountadd" name="accountNumber" time="14.495"/>
  <testcase classname="thirdpartyaccounts.ThirdPartyAccountadd" name="accountNumberBlank" time="14.474"/>
</testsuite> <!-- thirdpartyaccounts.ThirdPartyAccountadd -->
