<?xml version="1.0" encoding="UTF-8"?>
<!-- Generated by org.testng.reporters.JUnitReportReporter -->
<testsuite hostname="EXPLPT453" failures="0" tests="1" name="carriersNegative.CarriersSearch" time="31.446" errors="0" timestamp="2023-09-19T14:48:48 IST" skipped="0">
  <testcase classname="carriersNegative.CarriersSearch" name="testcase" time="31.446"/>
</testsuite> <!-- carriersNegative.CarriersSearch -->
