<?xml version="1.0" encoding="UTF-8"?>
<!-- Generated by org.testng.reporters.JUnitReportReporter -->
<testsuite hostname="EXPLPT453" failures="0" tests="6" name="customersnegative.TestCityStateZip" time="60.866" errors="0" timestamp="2023-08-18T18:53:34 IST" skipped="0">
  <testcase classname="customersnegative.TestCityStateZip" name="City" time="28.772"/>
  <system-out/>
  <testcase classname="customersnegative.TestCityStateZip" name="TestCityBlank" time="6.330"/>
  <system-out/>
  <testcase classname="customersnegative.TestCityStateZip" name="TestState" time="6.375"/>
  <system-out/>
  <testcase classname="customersnegative.TestCityStateZip" name="TestStateBlank" time="6.234"/>
  <system-out/>
  <testcase classname="customersnegative.TestCityStateZip" name="TestZip" time="6.594"/>
  <system-out/>
  <testcase classname="customersnegative.TestCityStateZip" name="TestZipBlank" time="6.561"/>
  <system-out/>
</testsuite> <!-- customersnegative.TestCityStateZip -->
