<?xml version="1.0" encoding="UTF-8"?>
<!-- Generated by org.testng.reporters.JUnitReportReporter -->
<testsuite hostname="EXPLPT453" failures="0" tests="3" name="thirdpartyaccounts.TPACityStateZip" time="130.851" errors="0" timestamp="2023-09-18T17:05:56 IST" skipped="0">
  <testcase classname="thirdpartyaccounts.TPACityStateZip" name="Testcity" time="65.009"/>
  <testcase classname="thirdpartyaccounts.TPACityStateZip" name="TestState" time="34.597"/>
  <testcase classname="thirdpartyaccounts.TPACityStateZip" name="TestZIP" time="31.245"/>
</testsuite> <!-- thirdpartyaccounts.TPACityStateZip -->
