<?xml version="1.0" encoding="UTF-8"?>
<!-- Generated by org.testng.reporters.JUnitReportReporter -->
<testsuite hostname="EXPLPT453" failures="0" tests="2" name="bestwayvias.ShipmentofBestway" time="142.885" errors="0" timestamp="2023-08-10T09:57:35 IST" skipped="0">
  <testcase classname="bestwayvias.ShipmentofBestway" name="Doshipment" time="75.845"/>
  <system-out/>
  <testcase classname="bestwayvias.ShipmentofBestway" name="bestwaynew" time="67.040"/>
  <system-out/>
</testsuite> <!-- bestwayvias.ShipmentofBestway -->
