<?xml version="1.0" encoding="UTF-8"?>
<!-- Generated by org.testng.reporters.JUnitReportReporter -->
<testsuite hostname="EXPLPT453" failures="0" tests="2" name="cartonsnegative.CheckDimensions2" time="51.123" errors="0" timestamp="2023-08-18T11:58:14 IST" skipped="0">
  <testcase classname="cartonsnegative.CheckDimensions2" name="TestCartons" time="29.206"/>
  <system-out/>
  <testcase classname="cartonsnegative.CheckDimensions2" name="Length" time="21.917"/>
  <system-out/>
</testsuite> <!-- cartonsnegative.CheckDimensions2 -->
