<?xml version="1.0" encoding="UTF-8"?>
<!-- Generated by org.testng.reporters.JUnitReportReporter -->
<testsuite hostname="EXPLPT453" failures="0" tests="1" name="customersnegative.CustomerNew" time="37.025" errors="0" timestamp="2023-08-18T16:40:35 IST" skipped="0">
  <testcase classname="customersnegative.CustomerNew" name="TestCustomer" time="37.025"/>
  <system-out/>
</testsuite> <!-- customersnegative.CustomerNew -->
