<?xml version="1.0" encoding="UTF-8"?>
<!-- Generated by org.testng.reporters.JUnitReportReporter -->
<testsuite hostname="EXPLPT453" failures="0" tests="1" name="processhipmentnegative.ProcesShipmentLTL" time="77.206" errors="0" timestamp="2023-09-19T22:28:12 IST" skipped="0">
  <testcase classname="processhipmentnegative.ProcesShipmentLTL" name="TestShipMent" time="77.206"/>
</testsuite> <!-- processhipmentnegative.ProcesShipmentLTL -->
