<?xml version="1.0" encoding="UTF-8"?>
<!-- Generated by org.testng.reporters.JUnitReportReporter -->
<testsuite hostname="EXPLPT453" failures="0" tests="1" name="swoswithpacknegative.SwosWithPackNegative" time="87.592" errors="0" timestamp="2023-10-04T15:39:30 IST" skipped="0">
  <testcase classname="swoswithpacknegative.SwosWithPackNegative" name="TestaddGroups" time="87.592"/>
</testsuite> <!-- swoswithpacknegative.SwosWithPackNegative -->
