<?xml version="1.0" encoding="UTF-8"?>
<!-- Generated by org.testng.reporters.JUnitReportReporter -->
<testsuite hostname="EXPLPT453" failures="0" tests="2" name="bestwayvias.ShipmentofBestway" time="115.153" errors="0" timestamp="2023-09-19T19:45:47 IST" skipped="0">
  <testcase classname="bestwayvias.ShipmentofBestway" name="bestwaynew" time="66.190"/>
  <testcase classname="bestwayvias.ShipmentofBestway" name="Doshipment" time="48.963"/>
</testsuite> <!-- bestwayvias.ShipmentofBestway -->
