<?xml version="1.0" encoding="UTF-8"?>
<!-- Generated by org.testng.reporters.JUnitReportReporter -->
<testsuite hostname="EXPLPT453" failures="0" tests="2" name="carriers.SelectSpecialServices" time="51.197" errors="0" timestamp="28 Jul 2023 07:46:57 GMT" skipped="0">
  <testcase classname="carriers.SelectSpecialServices" name="setup" time="20.939"/>
  <testcase classname="carriers.SelectSpecialServices" name="shipvia" time="30.258"/>
</testsuite> <!-- carriers.SelectSpecialServices -->
