<?xml version="1.0" encoding="UTF-8"?>
<!-- Generated by org.testng.reporters.JUnitReportReporter -->
<testsuite hostname="EXPLPT453" failures="0" tests="2" name="test.Cod" time="116.773" errors="0" timestamp="20 Jul 2023 13:58:01 GMT" skipped="0">
  <testcase classname="test.Cod" name="setup" time="22.733"/>
  <testcase classname="test.Cod" name="shipvia" time="94.040"/>
</testsuite> <!-- test.Cod -->
