<?xml version="1.0" encoding="UTF-8"?>
<!-- Generated by org.testng.reporters.JUnitReportReporter -->
<testsuite hostname="EXPLPT453" failures="0" tests="1" name="stCustomer.CreateCustomer" time="52.833" errors="0" timestamp="2023-08-28T14:15:58 IST" skipped="0">
  <testcase classname="stCustomer.CreateCustomer" name="Customeradd" time="52.833"/>
  <system-out/>
</testsuite> <!-- stCustomer.CreateCustomer -->
