<?xml version="1.0" encoding="UTF-8"?>
<!-- Generated by org.testng.reporters.JUnitReportReporter -->
<testsuite hostname="EXPLPT453" failures="0" tests="5" name="productsNegative.ProductsCode" time="74.552" errors="0" timestamp="2023-08-22T16:46:06 IST" skipped="0">
  <testcase classname="productsNegative.ProductsCode" name="ProductCodeTest" time="40.488"/>
  <system-out/>
  <testcase classname="productsNegative.ProductsCode" name="codetest" time="8.053"/>
  <system-out/>
  <testcase classname="productsNegative.ProductsCode" name="codeBlanck" time="7.891"/>
  <system-out/>
  <testcase classname="productsNegative.ProductsCode" name="descriptiontest" time="10.159"/>
  <system-out/>
  <testcase classname="productsNegative.ProductsCode" name="descriptiontestBlanck" time="7.961"/>
  <system-out/>
</testsuite> <!-- productsNegative.ProductsCode -->
