<?xml version="1.0" encoding="UTF-8"?>
<!-- Generated by org.testng.reporters.JUnitReportReporter -->
<testsuite hostname="EXPLPT453" failures="0" tests="1" name="productsNegative.ProductSearch" time="20.123" errors="0" timestamp="2023-08-25T11:45:51 IST" skipped="0">
  <testcase classname="productsNegative.ProductSearch" name="ProductSearchTest" time="20.123"/>
  <system-out/>
</testsuite> <!-- productsNegative.ProductSearch -->
