<?xml version="1.0" encoding="UTF-8"?>
<!-- Generated by org.testng.reporters.JUnitReportReporter -->
<testsuite hostname="EXPLPT453" failures="0" tests="1" name="viewshipmenttaskNegative.ViewShipmentLoadTest" time="93.106" errors="0" timestamp="2023-09-05T11:28:16 IST" skipped="0">
  <testcase classname="viewshipmenttaskNegative.ViewShipmentLoadTest" name="VSCarriers" time="93.106"/>
  <system-out/>
</testsuite> <!-- viewshipmenttaskNegative.ViewShipmentLoadTest -->
