<?xml version="1.0" encoding="UTF-8"?>
<!-- Generated by org.testng.reporters.JUnitReportReporter -->
<testsuite hostname="EXPLPT453" failures="0" tests="1" name="cartonsnegative.CartoneditDelete" time="31.763" errors="0" timestamp="2023-09-18T13:07:27 IST" skipped="0">
  <testcase classname="cartonsnegative.CartoneditDelete" name="TestCartonsedit" time="31.763"/>
</testsuite> <!-- cartonsnegative.CartoneditDelete -->
