<?xml version="1.0" encoding="UTF-8"?>
<!-- Generated by org.testng.reporters.JUnitReportReporter -->
<testsuite hostname="EXPLPT453" failures="0" tests="4" name="processhipmentnegative.PsWithSWOSTest" time="109.847" errors="0" timestamp="2023-09-20T02:38:33 IST" skipped="0">
  <testcase classname="processhipmentnegative.PsWithSWOSTest" name="testSwos" time="15.738"/>
  <testcase classname="processhipmentnegative.PsWithSWOSTest" name="addcustomer" time="28.190"/>
  <testcase classname="processhipmentnegative.PsWithSWOSTest" name="addcustomer" time="27.412"/>
  <testcase classname="processhipmentnegative.PsWithSWOSTest" name="testGroupsswos" time="38.507"/>
</testsuite> <!-- processhipmentnegative.PsWithSWOSTest -->
