<?xml version="1.0" encoding="UTF-8"?>
<!-- Generated by org.testng.reporters.JUnitReportReporter -->
<testsuite hostname="EXPLPT453" failures="0" tests="1" name="carriers.SearchCarrier" time="52.678" errors="0" timestamp="17 Jul 2023 13:55:35 GMT" skipped="0">
  <testcase classname="carriers.SearchCarrier" name="Search" time="52.678"/>
</testsuite> <!-- carriers.SearchCarrier -->
