<?xml version="1.0" encoding="UTF-8"?>
<!-- Generated by org.testng.reporters.JUnitReportReporter -->
<testsuite hostname="EXPLPT453" failures="0" tests="1" name="com.cms.SupportTableTest.STDeletCartons" time="59.126" errors="0" timestamp="29 Jun 2023 05:21:23 GMT" skipped="0">
  <testcase classname="com.cms.SupportTableTest.STDeletCartons" name="DeletecartonsTest" time="59.126"/>
</testsuite> <!-- com.cms.SupportTableTest.STDeletCartons -->
