<?xml version="1.0" encoding="UTF-8"?>
<!-- Generated by org.testng.reporters.JUnitReportReporter -->
<testsuite hostname="EXPLPT453" failures="0" tests="8" name="thirdpartyaccounts.ThirdPartyAccountadd" time="136.882" errors="0" timestamp="2023-08-25T10:39:43 IST" skipped="0">
  <testcase classname="thirdpartyaccounts.ThirdPartyAccountadd" name="TPASearchTest" time="29.235"/>
  <system-out/>
  <testcase classname="thirdpartyaccounts.ThirdPartyAccountadd" name="CodeTest" time="25.334"/>
  <system-out/>
  <testcase classname="thirdpartyaccounts.ThirdPartyAccountadd" name="CodeCheck" time="13.789"/>
  <system-out/>
  <testcase classname="thirdpartyaccounts.ThirdPartyAccountadd" name="CodeBlank" time="13.686"/>
  <system-out/>
  <testcase classname="thirdpartyaccounts.ThirdPartyAccountadd" name="CustomerName" time="13.473"/>
  <system-out/>
  <testcase classname="thirdpartyaccounts.ThirdPartyAccountadd" name="CustomerNameBlack" time="13.525"/>
  <system-out/>
  <testcase classname="thirdpartyaccounts.ThirdPartyAccountadd" name="accountNumber" time="13.969"/>
  <system-out/>
  <testcase classname="thirdpartyaccounts.ThirdPartyAccountadd" name="accountNumberBlank" time="13.871"/>
  <system-out/>
</testsuite> <!-- thirdpartyaccounts.ThirdPartyAccountadd -->
