<?xml version="1.0" encoding="UTF-8"?>
<!-- Generated by org.testng.reporters.JUnitReportReporter -->
<testsuite hostname="EXPLPT453" failures="0" tests="1" name="com.cms.ManifestExplorerTest.ManifestClosePostTest" time="91.610" errors="0" timestamp="29 Jun 2023 14:45:02 GMT" skipped="0">
  <testcase classname="com.cms.ManifestExplorerTest.ManifestClosePostTest" name="VSCarriers" time="91.610"/>
</testsuite> <!-- com.cms.ManifestExplorerTest.ManifestClosePostTest -->
