<?xml version="1.0" encoding="UTF-8"?>
<!-- Generated by org.testng.reporters.JUnitReportReporter -->
<testsuite hostname="EXPLPT453" failures="0" tests="3" name="manifestexplorernegative.ManifestExplorer" time="90.952" errors="0" timestamp="2023-09-08T10:27:12 IST" skipped="0">
  <testcase classname="manifestexplorernegative.ManifestExplorer" name="testcarriers" time="15.162"/>
  <system-out/>
  <testcase classname="manifestexplorernegative.ManifestExplorer" name="ActiveManifestTest" time="45.561"/>
  <system-out/>
  <testcase classname="manifestexplorernegative.ManifestExplorer" name="FutureManifestTest" time="30.229"/>
  <system-out/>
</testsuite> <!-- manifestexplorernegative.ManifestExplorer -->
