<?xml version="1.0" encoding="UTF-8"?>
<!-- Generated by org.testng.reporters.JUnitReportReporter -->
<testsuite hostname="EXPLPT453" failures="0" tests="6" name="customersnegative.TestCityStateZip" time="66.242" errors="0" timestamp="2023-08-22T11:24:37 IST" skipped="0">
  <testcase classname="customersnegative.TestCityStateZip" name="City" time="34.125"/>
  <system-out/>
  <testcase classname="customersnegative.TestCityStateZip" name="TestCityBlank" time="6.469"/>
  <system-out/>
  <testcase classname="customersnegative.TestCityStateZip" name="TestState" time="6.544"/>
  <system-out/>
  <testcase classname="customersnegative.TestCityStateZip" name="TestStateBlank" time="6.251"/>
  <system-out/>
  <testcase classname="customersnegative.TestCityStateZip" name="TestZip" time="6.449"/>
  <system-out/>
  <testcase classname="customersnegative.TestCityStateZip" name="TestZipBlank" time="6.404"/>
  <system-out/>
</testsuite> <!-- customersnegative.TestCityStateZip -->
