<?xml version="1.0" encoding="UTF-8"?>
<!-- Generated by org.testng.reporters.JUnitReportReporter -->
<testsuite hostname="EXPLPT453" failures="0" tests="2" name="orgSiteGroups.OrgSiteGroupsTest" time="72.985" errors="0" timestamp="2023-11-03T10:21:25 IST" skipped="0">
  <testcase classname="orgSiteGroups.OrgSiteGroupsTest" name="Orgadd" time="36.597"/>
  <testcase classname="orgSiteGroups.OrgSiteGroupsTest" name="usergroup" time="36.388"/>
</testsuite> <!-- orgSiteGroups.OrgSiteGroupsTest -->
