<?xml version="1.0" encoding="UTF-8"?>
<!-- Generated by org.testng.reporters.JUnitReportReporter -->
<testsuite hostname="EXPLPT453" failures="0" tests="1" name="bestwayvias.BestWaysTest" time="70.622" errors="0" timestamp="2023-08-09T18:22:55 IST" skipped="0">
  <testcase classname="bestwayvias.BestWaysTest" name="bestwaynew" time="70.622"/>
  <system-out/>
</testsuite> <!-- bestwayvias.BestWaysTest -->
