<?xml version="1.0" encoding="UTF-8"?>
<!-- Generated by org.testng.reporters.JUnitReportReporter -->
<testsuite hostname="EXPLPT453" failures="0" tests="1" name="newtest.AMSelectWithDateTest" time="49.983" errors="0" timestamp="27 Jun 2023 12:45:23 GMT" skipped="0">
  <testcase classname="newtest.AMSelectWithDateTest" name="ArchivedManifestsTest" time="49.983"/>
</testsuite> <!-- newtest.AMSelectWithDateTest -->
