<?xml version="1.0" encoding="UTF-8"?>
<!-- Generated by org.testng.reporters.JUnitReportReporter -->
<testsuite hostname="EXPLPT453" failures="0" tests="3" name="manifestexplorernegative.ManifestExplorer" time="94.775" errors="0" timestamp="2023-09-20T09:48:40 IST" skipped="0">
  <testcase classname="manifestexplorernegative.ManifestExplorer" name="testcarriers" time="15.714"/>
  <testcase classname="manifestexplorernegative.ManifestExplorer" name="ActiveManifestTest" time="47.100"/>
  <testcase classname="manifestexplorernegative.ManifestExplorer" name="FutureManifestTest" time="31.961"/>
</testsuite> <!-- manifestexplorernegative.ManifestExplorer -->
