<?xml version="1.0" encoding="UTF-8"?>
<!-- Generated by org.testng.reporters.JUnitReportReporter -->
<testsuite hostname="EXPLPT453" failures="0" tests="2" name="archivedmanifesttest.ViewAM" time="31.239" errors="0" timestamp="2023-08-04T16:59:21 IST" skipped="0">
  <testcase classname="archivedmanifesttest.ViewAM" name="testcase" time="31.238"/>
  <system-out/>
  <testcase classname="archivedmanifesttest.ViewAM" name="testcasetwo" time="0.001"/>
  <system-out/>
</testsuite> <!-- archivedmanifesttest.ViewAM -->
