<?xml version="1.0" encoding="UTF-8"?>
<!-- Generated by org.testng.reporters.JUnitReportReporter -->
<testsuite hostname="EXPLPT453" failures="0" tests="4" name="billoflading.ModifyBOL" time="99.120" errors="0" timestamp="2023-08-02T11:16:38 IST" skipped="0">
  <testcase classname="billoflading.ModifyBOL" name="setup" time="28.087"/>
  <system-out/>
  <testcase classname="billoflading.ModifyBOL" name="Boledit" time="36.045"/>
  <system-out/>
  <testcase classname="billoflading.ModifyBOL" name="close" time="17.160"/>
  <system-out/>
  <testcase classname="billoflading.ModifyBOL" name="delete" time="17.828"/>
  <system-out/>
</testsuite> <!-- billoflading.ModifyBOL -->
