<?xml version="1.0" encoding="UTF-8"?>
<!-- Generated by org.testng.reporters.JUnitReportReporter -->
<testsuite hostname="EXPLPT453" failures="0" tests="2" name="departments.Departments" time="51.321" errors="0" timestamp="2023-08-21T18:52:23 IST" skipped="0">
  <testcase classname="departments.Departments" name="searchdepartment" time="23.657"/>
  <system-out/>
  <testcase classname="departments.Departments" name="newDepartments" time="27.664"/>
  <system-out/>
</testsuite> <!-- departments.Departments -->
