<?xml version="1.0" encoding="UTF-8"?>
<!-- Generated by org.testng.reporters.JUnitReportReporter -->
<testsuite hostname="EXPLPT453" failures="0" tests="1" name="cartonsnegative.CartonNew" time="42.105" errors="0" timestamp="2023-08-17T18:12:13 IST" skipped="0">
  <testcase classname="cartonsnegative.CartonNew" name="TestCartons" time="42.105"/>
  <system-out/>
</testsuite> <!-- cartonsnegative.CartonNew -->
