<?xml version="1.0" encoding="UTF-8"?>
<!-- Generated by org.testng.reporters.JUnitReportReporter -->
<testsuite hostname="EXPLPT453" failures="0" tests="1" name="bestwayvias.Bestwayviarate" time="73.945" errors="0" timestamp="2023-08-09T20:13:06 IST" skipped="0">
  <testcase classname="bestwayvias.Bestwayviarate" name="bestwaynew" time="73.945"/>
  <system-out/>
</testsuite> <!-- bestwayvias.Bestwayviarate -->
