<?xml version="1.0" encoding="UTF-8"?>
<!-- Generated by org.testng.reporters.JUnitReportReporter -->
<testsuite hostname="EXPLPT453" failures="0" tests="4" name="viewshipmenttaskNegative.ViewShipment" time="98.813" errors="0" timestamp="2023-09-05T18:56:39 IST" skipped="0">
  <testcase classname="viewshipmenttaskNegative.ViewShipment" name="TestViewShipment" time="26.721"/>
  <system-out/>
  <testcase classname="viewshipmenttaskNegative.ViewShipment" name="testshipid" time="16.109"/>
  <system-out/>
  <testcase classname="viewshipmenttaskNegative.ViewShipment" name="TestwithShipvia" time="23.741"/>
  <system-out/>
  <testcase classname="viewshipmenttaskNegative.ViewShipment" name="TestwithShipviaManifest" time="32.242"/>
  <system-out/>
</testsuite> <!-- viewshipmenttaskNegative.ViewShipment -->
