<?xml version="1.0" encoding="UTF-8"?>
<!-- Generated by org.testng.reporters.JUnitReportReporter -->
<testsuite hostname="EXPLPT453" failures="0" tests="2" name="archivedmanifestnegative.ArchivedManifest" time="61.392" errors="0" timestamp="2023-09-11T17:22:54 IST" skipped="0">
  <testcase classname="archivedmanifestnegative.ArchivedManifest" name="TestAMDateFrom" time="30.701"/>
  <system-out/>
  <testcase classname="archivedmanifestnegative.ArchivedManifest" name="TestAMDateTO" time="30.691"/>
  <system-out/>
</testsuite> <!-- archivedmanifestnegative.ArchivedManifest -->
