<?xml version="1.0" encoding="UTF-8"?>
<!-- Generated by org.testng.reporters.JUnitReportReporter -->
<testsuite hostname="EXPLPT453" failures="0" tests="2" name="thirdpartybillingaccounts.TPBAmodify" time="190.761" errors="0" timestamp="12 Jul 2023 07:32:41 GMT" skipped="0">
  <testcase classname="thirdpartybillingaccounts.TPBAmodify" name="editaccount" time="100.064"/>
  <testcase classname="thirdpartybillingaccounts.TPBAmodify" name="deleteAccount" time="90.697"/>
</testsuite> <!-- thirdpartybillingaccounts.TPBAmodify -->
