<?xml version="1.0" encoding="UTF-8"?>
<!-- Generated by org.testng.reporters.JUnitReportReporter -->
<testsuite hostname="EXPLPT453" failures="0" tests="1" name="carriers.SSTest1" time="116.566" errors="0" timestamp="28 Jul 2023 12:36:15 GMT" skipped="0">
  <testcase classname="carriers.SSTest1" name="shipVia" time="116.566"/>
</testsuite> <!-- carriers.SSTest1 -->
