<?xml version="1.0" encoding="UTF-8"?>
<!-- Generated by org.testng.reporters.JUnitReportReporter -->
<testsuite hostname="EXPLPT453" failures="0" tests="1" name="com.cms.SupportTableTest.DepartmentEditTest" time="63.973" errors="0" timestamp="29 Jun 2023 18:12:41 GMT" skipped="0">
  <testcase classname="com.cms.SupportTableTest.DepartmentEditTest" name="STDepartmentsEdit" time="63.973"/>
</testsuite> <!-- com.cms.SupportTableTest.DepartmentEditTest -->
