<?xml version="1.0" encoding="UTF-8"?>
<!-- Generated by org.testng.reporters.JUnitReportReporter -->
<testsuite hostname="EXPLPT453" failures="0" tests="1" name="processreturnNTest.ProcessReturnNegative" time="63.596" errors="0" timestamp="2023-09-20T09:07:32 IST" skipped="0">
  <testcase classname="processreturnNTest.ProcessReturnNegative" name="TestReturn" time="63.596"/>
</testsuite> <!-- processreturnNTest.ProcessReturnNegative -->
