<?xml version="1.0" encoding="UTF-8"?>
<!-- Generated by org.testng.reporters.JUnitReportReporter -->
<testsuite hostname="EXPLPT453" failures="0" tests="1" name="products.ProductTest" time="86.751" errors="0" timestamp="10 Jul 2023 07:36:12 GMT" skipped="0">
  <testcase classname="products.ProductTest" name="newproduct" time="86.751"/>
</testsuite> <!-- products.ProductTest -->
