<?xml version="1.0" encoding="UTF-8"?>
<!-- Generated by org.testng.reporters.JUnitReportReporter -->
<testsuite hostname="EXPLPT453" failures="0" tests="1" name="bestwayvias.BestWaysTest" time="55.348" errors="0" timestamp="2023-09-19T19:23:56 IST" skipped="0">
  <testcase classname="bestwayvias.BestWaysTest" name="bestwaynew" time="55.348"/>
</testsuite> <!-- bestwayvias.BestWaysTest -->
