<?xml version="1.0" encoding="UTF-8"?>
<!-- Generated by org.testng.reporters.JUnitReportReporter -->
<testsuite hostname="EXPLPT453" failures="0" tests="8" name="thirdpartyaccounts.ThirdPartyAccountadd" time="99.067" errors="0" timestamp="2023-08-23T16:51:20 IST" skipped="0">
  <testcase classname="thirdpartyaccounts.ThirdPartyAccountadd" name="TPASearchTest" time="26.552"/>
  <system-out/>
  <testcase classname="thirdpartyaccounts.ThirdPartyAccountadd" name="CodeTest" time="17.128"/>
  <system-out/>
  <testcase classname="thirdpartyaccounts.ThirdPartyAccountadd" name="CodeCheck" time="9.101"/>
  <system-out/>
  <testcase classname="thirdpartyaccounts.ThirdPartyAccountadd" name="CodeBlank" time="8.848"/>
  <system-out/>
  <testcase classname="thirdpartyaccounts.ThirdPartyAccountadd" name="CustomerName" time="9.154"/>
  <system-out/>
  <testcase classname="thirdpartyaccounts.ThirdPartyAccountadd" name="CustomerNameBlack" time="9.030"/>
  <system-out/>
  <testcase classname="thirdpartyaccounts.ThirdPartyAccountadd" name="accountNumber" time="9.555"/>
  <system-out/>
  <testcase classname="thirdpartyaccounts.ThirdPartyAccountadd" name="accountNumberBlank" time="9.699"/>
  <system-out/>
</testsuite> <!-- thirdpartyaccounts.ThirdPartyAccountadd -->
