<?xml version="1.0" encoding="UTF-8"?>
<!-- Generated by org.testng.reporters.JUnitReportReporter -->
<testsuite hostname="EXPLPT453" failures="0" tests="2" name="archivedmanifesttest.PickUpRec" time="68.112" errors="0" timestamp="2023-08-04T19:40:24 IST" skipped="0">
  <testcase classname="archivedmanifesttest.PickUpRec" name="testcasetwo" time="34.324"/>
  <system-out/>
  <testcase classname="archivedmanifesttest.PickUpRec" name="testcase" time="33.788"/>
  <system-out/>
</testsuite> <!-- archivedmanifesttest.PickUpRec -->
