<?xml version="1.0" encoding="UTF-8"?>
<!-- Generated by org.testng.reporters.JUnitReportReporter -->
<testsuite hostname="EXPLPT453" failures="0" tests="1" name="com.com.ArchivedManifestsTest.AMSelectManifestTest" time="39.973" errors="0" timestamp="2023-08-04T13:19:29 IST" skipped="0">
  <testcase classname="com.com.ArchivedManifestsTest.AMSelectManifestTest" name="ArchivedManifestsTest" time="39.973"/>
  <system-out/>
</testsuite> <!-- com.com.ArchivedManifestsTest.AMSelectManifestTest -->
