<?xml version="1.0" encoding="UTF-8"?>
<!-- Generated by org.testng.reporters.JUnitReportReporter -->
<testsuite hostname="EXPLPT453" failures="0" tests="2" name="test.HazardousMaterials" time="186.353" errors="0" timestamp="21 Jul 2023 04:42:54 GMT" skipped="0">
  <testcase classname="test.HazardousMaterials" name="shipvia" time="163.863"/>
  <testcase classname="test.HazardousMaterials" name="setup" time="22.490"/>
</testsuite> <!-- test.HazardousMaterials -->
