<?xml version="1.0" encoding="UTF-8"?>
<!-- Generated by org.testng.reporters.JUnitReportReporter -->
<testsuite hostname="EXPLPT453" failures="0" tests="1" name="processhipmentnegative.SWOSwithPacking" time="30.527" errors="0" timestamp="2023-09-22T10:18:13 IST" skipped="0">
  <testcase classname="processhipmentnegative.SWOSwithPacking" name="Test" time="30.527"/>
</testsuite> <!-- processhipmentnegative.SWOSwithPacking -->
