<?xml version="1.0" encoding="UTF-8"?>
<!-- Generated by org.testng.reporters.JUnitReportReporter -->
<testsuite hostname="EXPLPT453" failures="0" tests="5" name="customersnegative.CustomersCode" time="53.422" errors="0" timestamp="2023-08-18T17:40:36 IST" skipped="0">
  <testcase classname="customersnegative.CustomersCode" name="CustomerSearchTest" time="19.608"/>
  <system-out/>
  <testcase classname="customersnegative.CustomersCode" name="addCustomerTest" time="14.593"/>
  <system-out/>
  <testcase classname="customersnegative.CustomersCode" name="TestCompanyTextBox" time="6.548"/>
  <system-out/>
  <testcase classname="customersnegative.CustomersCode" name="Testblankcode" time="6.287"/>
  <system-out/>
  <testcase classname="customersnegative.CustomersCode" name="TestblankCompany" time="6.386"/>
  <system-out/>
</testsuite> <!-- customersnegative.CustomersCode -->
