<?xml version="1.0" encoding="UTF-8"?>
<!-- Generated by org.testng.reporters.JUnitReportReporter -->
<testsuite hostname="EXPLPT453" failures="0" tests="1" name="carriersNegative.CarriersSearch" time="34.297" errors="0" timestamp="2023-08-16T14:08:00 IST" skipped="0">
  <testcase classname="carriersNegative.CarriersSearch" name="testcase" time="34.297"/>
  <system-out/>
</testsuite> <!-- carriersNegative.CarriersSearch -->
