<?xml version="1.0" encoding="UTF-8"?>
<!-- Generated by org.testng.reporters.JUnitReportReporter -->
<testsuite hostname="EXPLPT453" failures="0" tests="2" name="archivedmanifesttest.ArchivedManifestsTest" time="71.805" errors="0" timestamp="2023-08-07T10:27:27 IST" skipped="0">
  <testcase classname="archivedmanifesttest.ArchivedManifestsTest" name="testcase" time="37.111"/>
  <system-out/>
  <testcase classname="archivedmanifesttest.ArchivedManifestsTest" name="testcasetwo" time="34.694"/>
  <system-out/>
</testsuite> <!-- archivedmanifesttest.ArchivedManifestsTest -->
