<?xml version="1.0" encoding="UTF-8"?>
<!-- Generated by org.testng.reporters.JUnitReportReporter -->
<testsuite hostname="EXPLPT453" failures="0" tests="4" name="processhipmentnegative.SWOSTest" time="77.085" errors="0" timestamp="2023-09-20T00:29:47 IST" skipped="0">
  <testcase classname="processhipmentnegative.SWOSTest" name="SearchTest" time="14.050"/>
  <testcase classname="processhipmentnegative.SWOSTest" name="CodeTest" time="26.715"/>
  <testcase classname="processhipmentnegative.SWOSTest" name="Discription" time="23.099"/>
  <testcase classname="processhipmentnegative.SWOSTest" name="TestManifestDate" time="13.221"/>
</testsuite> <!-- processhipmentnegative.SWOSTest -->
