<?xml version="1.0" encoding="UTF-8"?>
<!-- Generated by org.testng.reporters.JUnitReportReporter -->
<testsuite hostname="EXPLPT453" failures="0" tests="2" name="cartonsnegative.CartonDescription" time="60.563" errors="0" timestamp="2023-08-18T10:43:27 IST" skipped="0">
  <testcase classname="cartonsnegative.CartonDescription" name="TestDescription" time="39.641"/>
  <system-out/>
  <testcase classname="cartonsnegative.CartonDescription" name="testBlanck" time="20.922"/>
  <system-out/>
</testsuite> <!-- cartonsnegative.CartonDescription -->
