<?xml version="1.0" encoding="UTF-8"?>
<!-- Generated by org.testng.reporters.JUnitReportReporter -->
<testsuite hostname="EXPLPT453" failures="0" tests="1" name="departmentsnegative.DepartmentAdd" time="31.229" errors="0" timestamp="2023-08-21T18:27:57 IST" skipped="0">
  <testcase classname="departmentsnegative.DepartmentAdd" name="checkexisting" time="31.229"/>
  <system-out/>
</testsuite> <!-- departmentsnegative.DepartmentAdd -->
