<?xml version="1.0" encoding="UTF-8"?>
<!-- Generated by org.testng.reporters.JUnitReportReporter -->
<testsuite hostname="EXPLPT453" failures="0" tests="2" name="manifestexplorernegative.ForcePost" time="29.206" errors="0" timestamp="2023-09-20T09:55:09 IST" skipped="0">
  <testcase classname="manifestexplorernegative.ForcePost" name="testcarriers" time="18.794"/>
  <testcase classname="manifestexplorernegative.ForcePost" name="PostTest" time="10.412"/>
</testsuite> <!-- manifestexplorernegative.ForcePost -->
