<?xml version="1.0" encoding="UTF-8"?>
<!-- Generated by org.testng.reporters.JUnitReportReporter -->
<testsuite hostname="EXPLPT453" failures="0" tests="2" name="test.RecipientShipAlert" time="103.707" errors="0" timestamp="20 Jul 2023 09:17:29 GMT" skipped="0">
  <testcase classname="test.RecipientShipAlert" name="setup" time="22.029"/>
  <testcase classname="test.RecipientShipAlert" name="shipvia" time="81.678"/>
</testsuite> <!-- test.RecipientShipAlert -->
