<?xml version="1.0" encoding="UTF-8"?>
<!-- Generated by org.testng.reporters.JUnitReportReporter -->
<testsuite hostname="EXPLPT453" failures="0" tests="1" name="com.cms.ManifestExplorerTest.ActiveMECreatenewTest" time="62.970" errors="0" timestamp="29 Jun 2023 14:37:07 GMT" skipped="0">
  <testcase classname="com.cms.ManifestExplorerTest.ActiveMECreatenewTest" name="ActiveMEnewTest" time="62.970"/>
</testsuite> <!-- com.cms.ManifestExplorerTest.ActiveMECreatenewTest -->
