<?xml version="1.0" encoding="UTF-8"?>
<!-- Generated by org.testng.reporters.JUnitReportReporter -->
<testsuite hostname="EXPLPT453" failures="0" tests="1" name="customersnegative.ContactTest" time="34.338" errors="0" timestamp="2023-08-22T11:14:19 IST" skipped="0">
  <testcase classname="customersnegative.ContactTest" name="ContactTextboxTest" time="34.338"/>
  <system-out/>
</testsuite> <!-- customersnegative.ContactTest -->
