<?xml version="1.0" encoding="UTF-8"?>
<!-- Generated by org.testng.reporters.JUnitReportReporter -->
<testsuite hostname="EXPLPT453" failures="0" tests="1" name="carriers.NewUPS" time="72.369" errors="0" timestamp="2023-09-19T14:31:00 IST" skipped="0">
  <testcase classname="carriers.NewUPS" name="newcarriers" time="72.369"/>
</testsuite> <!-- carriers.NewUPS -->
