<?xml version="1.0" encoding="UTF-8"?>
<!-- Generated by org.testng.reporters.JUnitReportReporter -->
<testsuite hostname="EXPLPT453" failures="0" tests="1" name="shipviasnegative.ShipViasnew" time="92.093" errors="0" timestamp="2023-08-17T10:38:23 IST" skipped="0">
  <testcase classname="shipviasnegative.ShipViasnew" name="TeatShipvia" time="92.093"/>
  <system-out/>
</testsuite> <!-- shipviasnegative.ShipViasnew -->
