<?xml version="1.0" encoding="UTF-8"?>
<!-- Generated by org.testng.reporters.JUnitReportReporter -->
<testsuite hostname="EXPLPT453" failures="0" tests="4" name="productsNegative.ProductsCode" time="59.867" errors="0" timestamp="2023-08-22T14:07:47 IST" skipped="0">
  <testcase classname="productsNegative.ProductsCode" name="ProductCodeTest" time="40.487"/>
  <system-out/>
  <testcase classname="productsNegative.ProductsCode" name="codetest" time="6.475"/>
  <system-out/>
  <testcase classname="productsNegative.ProductsCode" name="codeBlanck" time="6.431"/>
  <system-out/>
  <testcase classname="productsNegative.ProductsCode" name="descriptiontest" time="6.474"/>
  <system-out/>
</testsuite> <!-- productsNegative.ProductsCode -->
