<?xml version="1.0" encoding="UTF-8"?>
<!-- Generated by org.testng.reporters.JUnitReportReporter -->
<testsuite hostname="EXPLPT453" failures="0" tests="1" name="viewShipmentTask.Departments" time="60.180" errors="0" timestamp="04 Jul 2023 12:28:49 GMT" skipped="0">
  <testcase classname="viewShipmentTask.Departments" name="newDepartments" time="60.180"/>
</testsuite> <!-- viewShipmentTask.Departments -->
