<?xml version="1.0" encoding="UTF-8"?>
<!-- Generated by org.testng.reporters.JUnitReportReporter -->
<testsuite hostname="EXPLPT453" failures="0" tests="1" name="products.NextPrevious" time="66.258" errors="0" timestamp="11 Jul 2023 17:17:30 GMT" skipped="0">
  <testcase classname="products.NextPrevious" name="CheckNextPrevious" time="66.258"/>
</testsuite> <!-- products.NextPrevious -->
