<?xml version="1.0" encoding="UTF-8"?>
<!-- Generated by org.testng.reporters.JUnitReportReporter -->
<testsuite hostname="EXPLPT453" failures="0" tests="1" name="archivedbols.TestAM" time="5.294" errors="0" timestamp="2023-08-04T14:57:37 IST" skipped="0">
  <testcase classname="archivedbols.TestAM" name="openAM" time="5.294"/>
  <system-out/>
</testsuite> <!-- archivedbols.TestAM -->
