<?xml version="1.0" encoding="UTF-8"?>
<!-- Generated by org.testng.reporters.JUnitReportReporter -->
<testsuite hostname="EXPLPT453" failures="0" tests="5" name="customersnegative.CustomersCode" time="57.181" errors="0" timestamp="2023-08-22T11:17:52 IST" skipped="0">
  <testcase classname="customersnegative.CustomersCode" name="CustomerSearchTest" time="22.760"/>
  <system-out/>
  <testcase classname="customersnegative.CustomersCode" name="addCustomerTest" time="15.107"/>
  <system-out/>
  <testcase classname="customersnegative.CustomersCode" name="TestCompanyTextBox" time="6.607"/>
  <system-out/>
  <testcase classname="customersnegative.CustomersCode" name="Testblankcode" time="6.187"/>
  <system-out/>
  <testcase classname="customersnegative.CustomersCode" name="TestblankCompany" time="6.520"/>
  <system-out/>
</testsuite> <!-- customersnegative.CustomersCode -->
