<?xml version="1.0" encoding="UTF-8"?>
<!-- Generated by org.testng.reporters.JUnitReportReporter -->
<testsuite hostname="EXPLPT453" failures="0" tests="1" name="processhipmentnegative.ProcesShipmentLTL" time="80.070" errors="0" timestamp="2023-08-29T14:12:29 IST" skipped="0">
  <testcase classname="processhipmentnegative.ProcesShipmentLTL" name="TestShipMent" time="80.070"/>
  <system-out/>
</testsuite> <!-- processhipmentnegative.ProcesShipmentLTL -->
