<?xml version="1.0" encoding="UTF-8"?>
<!-- Generated by org.testng.reporters.JUnitReportReporter -->
<testsuite hostname="EXPLPT453" failures="0" tests="8" name="processhipmentnegative.SwosWithPackVsScript" time="195.428" errors="0" timestamp="2023-10-04T10:54:31 IST" skipped="0">
  <testcase classname="processhipmentnegative.SwosWithPackVsScript" name="TestaddGroups" time="29.181"/>
  <testcase classname="processhipmentnegative.SwosWithPackVsScript" name="shipviatest" time="6.919"/>
  <testcase classname="processhipmentnegative.SwosWithPackVsScript" name="addcustomer" time="33.536"/>
  <testcase classname="processhipmentnegative.SwosWithPackVsScript" name="addcustomer" time="33.087"/>
  <testcase classname="processhipmentnegative.SwosWithPackVsScript" name="SelectMaster" time="26.170"/>
  <testcase classname="processhipmentnegative.SwosWithPackVsScript" name="TestPack" time="34.118"/>
  <testcase classname="processhipmentnegative.SwosWithPackVsScript" name="TestCaptureShipmentid" time="0.063"/>
  <testcase classname="processhipmentnegative.SwosWithPackVsScript" name="ViewShipment" time="32.354"/>
</testsuite> <!-- processhipmentnegative.SwosWithPackVsScript -->
