<?xml version="1.0" encoding="UTF-8"?>
<!-- Generated by org.testng.reporters.JUnitReportReporter -->
<testsuite hostname="EXPLPT453" failures="0" tests="2" name="products.EditProducts" time="177.742" errors="0" timestamp="10 Jul 2023 07:48:40 GMT" skipped="0">
  <testcase classname="products.EditProducts" name="edit" time="104.570"/>
  <testcase classname="products.EditProducts" name="delete" time="73.172"/>
</testsuite> <!-- products.EditProducts -->
