<?xml version="1.0" encoding="UTF-8"?>
<!-- Generated by org.testng.reporters.JUnitReportReporter -->
<testsuite hostname="EXPLPT453" failures="0" tests="3" name="billoflading.ChangeCarrier" time="53.747" errors="0" timestamp="2023-08-02T11:27:54 IST" skipped="0">
  <testcase classname="billoflading.ChangeCarrier" name="setup" time="27.059"/>
  <system-out/>
  <testcase classname="billoflading.ChangeCarrier" name="SelectBOLcustomer" time="14.934"/>
  <system-out/>
  <testcase classname="billoflading.ChangeCarrier" name="ChangeCarr" time="11.754"/>
  <system-out/>
</testsuite> <!-- billoflading.ChangeCarrier -->
