<?xml version="1.0" encoding="UTF-8"?>
<!-- Generated by org.testng.reporters.JUnitReportReporter -->
<testsuite hostname="EXPLPT453" failures="0" tests="1" name="archivedmanifesttest.PLDTransmit" time="35.159" errors="0" timestamp="2023-08-07T10:10:05 IST" skipped="0">
  <testcase classname="archivedmanifesttest.PLDTransmit" name="testcasetwo" time="35.159"/>
  <system-out/>
</testsuite> <!-- archivedmanifesttest.PLDTransmit -->
