<?xml version="1.0" encoding="UTF-8"?>
<!-- Generated by org.testng.reporters.JUnitReportReporter -->
<testsuite hostname="EXPLPT453" failures="0" tests="1" name="com.cms.SupportTableTest.STEditCartons" time="60.827" errors="0" timestamp="30 Jun 2023 12:22:06 GMT" skipped="0">
  <testcase classname="com.cms.SupportTableTest.STEditCartons" name="EditcartonsTest" time="60.827"/>
</testsuite> <!-- com.cms.SupportTableTest.STEditCartons -->
