<?xml version="1.0" encoding="UTF-8"?>
<!-- Generated by org.testng.reporters.JUnitReportReporter -->
<testsuite hostname="EXPLPT453" failures="0" tests="2" name="manifestexplorernegative.ForcePost" time="28.505" errors="0" timestamp="2023-09-08T10:01:49 IST" skipped="0">
  <testcase classname="manifestexplorernegative.ForcePost" name="testcarriers" time="18.739"/>
  <system-out/>
  <testcase classname="manifestexplorernegative.ForcePost" name="PostTest" time="9.766"/>
  <system-out/>
</testsuite> <!-- manifestexplorernegative.ForcePost -->
