<?xml version="1.0" encoding="UTF-8"?>
<!-- Generated by org.testng.reporters.JUnitReportReporter -->
<testsuite hostname="EXPLPT453" failures="0" tests="2" name="archivedmanifestnegative.ArchivedManifest" time="65.305" errors="0" timestamp="2023-09-20T10:22:31 IST" skipped="0">
  <testcase classname="archivedmanifestnegative.ArchivedManifest" name="TestAMDateFrom" time="33.486"/>
  <testcase classname="archivedmanifestnegative.ArchivedManifest" name="TestAMDateTO" time="31.819"/>
</testsuite> <!-- archivedmanifestnegative.ArchivedManifest -->
