<?xml version="1.0" encoding="UTF-8"?>
<!-- Generated by org.testng.reporters.JUnitReportReporter -->
<testsuite hostname="EXPLPT453" failures="0" tests="2" name="test.FedExInternationaControlledExport" time="109.116" errors="0" timestamp="20 Jul 2023 11:10:10 GMT" skipped="0">
  <testcase classname="test.FedExInternationaControlledExport" name="setup" time="19.452"/>
  <testcase classname="test.FedExInternationaControlledExport" name="shipvia" time="89.664"/>
</testsuite> <!-- test.FedExInternationaControlledExport -->
