<?xml version="1.0" encoding="UTF-8"?>
<!-- Generated by org.testng.reporters.JUnitReportReporter -->
<testsuite hostname="EXPLPT453" failures="0" tests="1" name="Departments.Table" time="52.299" errors="0" timestamp="07 Jul 2023 08:43:14 GMT" skipped="0">
  <testcase classname="Departments.Table" name="newDepartments" time="52.299"/>
</testsuite> <!-- Departments.Table -->
